Using pre-set license
Built from '2022.3/staging' branch; Version is '2022.3.42f1 (2dcb6a0abc42) revision 3001194'; Using compiler version '192829333'; Build Type 'Release'
OS: 'Windows 11  (10.0.22631) 64bit CoreSingleLanguage' Language: 'es' Physical Memory: 7829 MB
BatchMode: 1, IsHumanControllingUs: 0, StartBugReporterOnCrash: 0, Is64bit: 1, IsPro: 1

COMMAND LINE ARGUMENTS:
C:\Program Files\Unity\Hub\Editor\2022.3.42f1\Editor\Unity.exe
-adb2
-batchMode
-noUpm
-name
AssetImportWorker4
-projectPath
C:/Users/Virus/Prueba_1
-logFile
Logs/AssetImportWorker4.log
-srvPort
50175
Successfully changed project path to: C:/Users/Virus/Prueba_1
C:/Users/Virus/Prueba_1
[UnityMemory] Configuration Parameters - Can be set up in boot.config
    "memorysetup-bucket-allocator-granularity=16"
    "memorysetup-bucket-allocator-bucket-count=8"
    "memorysetup-bucket-allocator-block-size=33554432"
    "memorysetup-bucket-allocator-block-count=8"
    "memorysetup-main-allocator-block-size=16777216"
    "memorysetup-thread-allocator-block-size=16777216"
    "memorysetup-gfx-main-allocator-block-size=16777216"
    "memorysetup-gfx-thread-allocator-block-size=16777216"
    "memorysetup-cache-allocator-block-size=4194304"
    "memorysetup-typetree-allocator-block-size=2097152"
    "memorysetup-profiler-bucket-allocator-granularity=16"
    "memorysetup-profiler-bucket-allocator-bucket-count=8"
    "memorysetup-profiler-bucket-allocator-block-size=33554432"
    "memorysetup-profiler-bucket-allocator-block-count=8"
    "memorysetup-profiler-allocator-block-size=16777216"
    "memorysetup-profiler-editor-allocator-block-size=1048576"
    "memorysetup-temp-allocator-size-main=16777216"
    "memorysetup-job-temp-allocator-block-size=2097152"
    "memorysetup-job-temp-allocator-block-size-background=1048576"
    "memorysetup-job-temp-allocator-reduction-small-platforms=262144"
    "memorysetup-allocator-temp-initial-block-size-main=262144"
    "memorysetup-allocator-temp-initial-block-size-worker=262144"
    "memorysetup-temp-allocator-size-background-worker=32768"
    "memorysetup-temp-allocator-size-job-worker=262144"
    "memorysetup-temp-allocator-size-preload-manager=33554432"
    "memorysetup-temp-allocator-size-nav-mesh-worker=65536"
    "memorysetup-temp-allocator-size-audio-worker=65536"
    "memorysetup-temp-allocator-size-cloud-worker=32768"
    "memorysetup-temp-allocator-size-gi-baking-worker=262144"
    "memorysetup-temp-allocator-size-gfx=262144"
Player connection [20316]  Target information:

Player connection [20316]  * "[IP] 192.168.56.1 [Port] 0 [Flags] 2 [Guid] 3558179500 [EditorId] 3558179500 [Version] 1048832 [Id] WindowsEditor(7,Victorio) [Debug] 1 [PackageName] WindowsEditor [ProjectName] Editor" 

Player connection [20316]  * "[IP] 192.168.1.17 [Port] 0 [Flags] 2 [Guid] 3558179500 [EditorId] 3558179500 [Version] 1048832 [Id] WindowsEditor(7,Victorio) [Debug] 1 [PackageName] WindowsEditor [ProjectName] Editor" 

Player connection [20316] Host joined multi-casting on [225.0.0.222:54997]...
Player connection [20316] Host joined alternative multi-casting on [225.0.0.222:34997]...
[PhysX] Initialized MultithreadedTaskDispatcher with 12 workers.
Refreshing native plugins compatible for Editor in 149.44 ms, found 3 plugins.
Preloading 0 native plugins for Editor in 0.00 ms.
Initialize engine version: 2022.3.42f1 (2dcb6a0abc42)
[Subsystems] Discovering subsystems at path C:/Program Files/Unity/Hub/Editor/2022.3.42f1/Editor/Data/Resources/UnitySubsystems
[Subsystems] Discovering subsystems at path C:/Users/Virus/Prueba_1/Assets
GfxDevice: creating device client; threaded=0; jobified=0
Direct3D:
    Version:  Direct3D 11.0 [level 11.1]
    Renderer: NVIDIA GeForce RTX 3050 Ti Laptop GPU (ID=0x25a0)
    Vendor:   NVIDIA
    VRAM:     3977 MB
    Driver:   31.0.15.4680
Initialize mono
Mono path[0] = 'C:/Program Files/Unity/Hub/Editor/2022.3.42f1/Editor/Data/Managed'
Mono path[1] = 'C:/Program Files/Unity/Hub/Editor/2022.3.42f1/Editor/Data/MonoBleedingEdge/lib/mono/unityjit-win32'
Mono config path = 'C:/Program Files/Unity/Hub/Editor/2022.3.42f1/Editor/Data/MonoBleedingEdge/etc'
Using monoOptions --debugger-agent=transport=dt_socket,embedding=1,server=y,suspend=n,address=127.0.0.1:56368
Begin MonoManager ReloadAssembly
Registering precompiled unity dll's ...
Register platform support module: C:/Program Files/Unity/Hub/Editor/2022.3.42f1/Editor/Data/PlaybackEngines/WebGLSupport/UnityEditor.WebGL.Extensions.dll
Register platform support module: C:/Program Files/Unity/Hub/Editor/2022.3.42f1/Editor/Data/PlaybackEngines/WindowsStandaloneSupport/UnityEditor.WindowsStandalone.Extensions.dll
Registered in 0.005544 seconds.
- Loaded All Assemblies, in  1.089 seconds
Native extension for WindowsStandalone target not found
Native extension for WebGL target not found
Mono: successfully reloaded assembly
- Finished resetting the current domain, in  0.230 seconds
Domain Reload Profiling: 1318ms
	BeginReloadAssembly (119ms)
		ExecutionOrderSort (0ms)
		DisableScriptedObjects (0ms)
		BackupInstance (0ms)
		ReleaseScriptingObjects (0ms)
		CreateAndSetChildDomain (1ms)
	RebuildCommonClasses (350ms)
	RebuildNativeTypeToScriptingClass (8ms)
	initialDomainReloadingComplete (44ms)
	LoadAllAssembliesAndSetupDomain (567ms)
		LoadAssemblies (118ms)
		RebuildTransferFunctionScriptingTraits (0ms)
		AnalyzeDomain (565ms)
			TypeCache.Refresh (563ms)
				TypeCache.ScanAssembly (340ms)
			ScanForSourceGeneratedMonoScriptInfo (0ms)
			ResolveRequiredComponents (1ms)
	FinalizeReload (230ms)
		ReleaseScriptCaches (0ms)
		RebuildScriptCaches (0ms)
		SetupLoadedEditorAssemblies (194ms)
			LogAssemblyErrors (0ms)
			InitializePlatformSupportModulesInManaged (8ms)
			SetLoadedEditorAssemblies (4ms)
			RefreshPlugins (0ms)
			BeforeProcessingInitializeOnLoad (2ms)
			ProcessInitializeOnLoadAttributes (135ms)
			ProcessInitializeOnLoadMethodAttributes (45ms)
			AfterProcessingInitializeOnLoad (0ms)
			EditorAssembliesLoaded (0ms)
		ExecutionOrderSort2 (0ms)
		AwakeInstancesAfterBackupRestoration (0ms)
========================================================================
Worker process is ready to serve import requests
Caller must complete domain reload
Begin MonoManager ReloadAssembly
- Loaded All Assemblies, in  4.356 seconds
Native extension for WindowsStandalone target not found
Native extension for WebGL target not found
Package Manager log level set to [2]
[Package Manager] Server::EnsureServerProcessIsRunning -- launch failed, reason: Unity was launched with the -noUpm command-line argument
[Package Manager] UpmClient::Send -- Unable to send message (not connected to UPM process).
[Package Manager] Cannot connect to Unity Package Manager local server
Mono: successfully reloaded assembly
- Finished resetting the current domain, in  0.488 seconds
Domain Reload Profiling: 4843ms
	BeginReloadAssembly (116ms)
		ExecutionOrderSort (0ms)
		DisableScriptedObjects (4ms)
		BackupInstance (0ms)
		ReleaseScriptingObjects (0ms)
		CreateAndSetChildDomain (17ms)
	RebuildCommonClasses (27ms)
	RebuildNativeTypeToScriptingClass (9ms)
	initialDomainReloadingComplete (33ms)
	LoadAllAssembliesAndSetupDomain (4169ms)
		LoadAssemblies (3754ms)
		RebuildTransferFunctionScriptingTraits (0ms)
		AnalyzeDomain (483ms)
			TypeCache.Refresh (466ms)
				TypeCache.ScanAssembly (414ms)
			ScanForSourceGeneratedMonoScriptInfo (12ms)
			ResolveRequiredComponents (3ms)
	FinalizeReload (489ms)
		ReleaseScriptCaches (0ms)
		RebuildScriptCaches (0ms)
		SetupLoadedEditorAssemblies (374ms)
			LogAssemblyErrors (0ms)
			InitializePlatformSupportModulesInManaged (6ms)
			SetLoadedEditorAssemblies (5ms)
			RefreshPlugins (0ms)
			BeforeProcessingInitializeOnLoad (49ms)
			ProcessInitializeOnLoadAttributes (294ms)
			ProcessInitializeOnLoadMethodAttributes (15ms)
			AfterProcessingInitializeOnLoad (5ms)
			EditorAssembliesLoaded (0ms)
		ExecutionOrderSort2 (0ms)
		AwakeInstancesAfterBackupRestoration (5ms)
Launched and connected shader compiler UnityShaderCompiler.exe after 0.06 seconds
Refreshing native plugins compatible for Editor in 2.71 ms, found 3 plugins.
Preloading 0 native plugins for Editor in 0.00 ms.
Unloading 3105 Unused Serialized files (Serialized files now loaded: 0)
Unloading 19 unused Assets / (55.3 KB). Loaded Objects now: 3595.
Memory consumption went from 129.2 MB to 129.1 MB.
Total: 2.582700 ms (FindLiveObjects: 0.206100 ms CreateObjectMapping: 0.069500 ms MarkObjects: 2.214400 ms  DeleteObjects: 0.091600 ms)

AssetImportParameters requested are different than current active one (requested -> active):
  custom:scripting/monoscript/fileName/DepthOfFieldDeprecated.cs: 8700a90d2d763e9c01f08a0cd128cca8 -> 
  custom:scripting/monoscript/fileName/CameraMotionBlur.cs: 458c2b6f90eeea041921d89083a79e55 -> 
  custom:scripting/monoscript/fileName/ColorCorrectionLookupEditor.cs: a2fb9e7138550e9aa0e0de2d21737d42 -> 
  custom:scripting/monoscript/fileName/TiltShift.cs: 13ff1d7342528fc14a2e194c2bdc09fb -> 
  custom:container-demuxer-ogg: 62fdf1f143b41e24485cea50d1cbac27 -> 
  custom:scripting/monoscript/fileName/ScreenSpaceAmbientOcclusion.cs: 42eb6963a5f738a978938eb937f58d78 -> 
  custom:scripting/monoscript/fileName/DepthOfFieldEditor.cs: a3868cd4e6c6aec7c31ee3ed2b09abe8 -> 
  custom:video-codec-MediaFoundation-h265: 746d11721c4dcdbdad8f713fa42b33f4 -> 
  custom:scripting/monoscript/fileName/NoiseAndGrainEditor.cs: 0276e69b6de7374aa913d893485a004e -> 
  custom:video-decoder-ogg-theora: a1e56fd34408186e4bbccfd4996cb3dc -> 
  custom:scripting/monoscript/fileName/SunShafts.cs: abee30526487200fa16387df850e7daf -> 
  custom:scripting/monoscript/fileName/MotionBlur.cs: 7d52f2ac2c90424481a38c8ec7edb91c -> 
  custom:framework-win-MediaFoundation: 216162199b28c13a410421893ffa2e32 -> 
  custom:scripting/monoscript/fileName/Grayscale.cs: 87671e23fd2948061f63e16eb704f3a3 -> 
  custom:scripting/monoscript/fileName/BlurOptimized.cs: a99dff34286593c12b0fab92e7c0da68 -> 
  custom:scripting/monoscript/fileName/CameraMotionBlurEditor.cs: 7c502cd6630e6f5609abadb3991d9ab2 -> 
  custom:scripting/monoscript/fileName/Quads.cs: 2f24050aded65dda899533ba7849a43c -> 
  custom:scripting/monoscript/fileName/Blur.cs: 16b33e375f19895ec61239c77165934f -> 
  custom:scripting/monoscript/fileName/DepthOfFieldDeprecatedEditor.cs: 9c0d6ba6950f727fa7ed1bfef973ec32 -> 
  custom:scripting/monoscript/fileName/ImageEffects.cs: fc49fae855f2f50655b411c31423a73d -> 
  custom:scripting/monoscript/fileName/PostEffectsBase.cs: 6aabc5a6e1a831a9196622d2796540be -> 
  custom:CustomObjectIndexerAttribute: 9a22284fe3817be447336de3de66b15e -> 
  custom:scripting/monoscript/fileName/ColorCorrectionLookup.cs: cdade6b297f1c116727fa6035591313f -> 
  custom:container-demuxer-webm: 4f35f7cbe854078d1ac9338744f61a02 -> 
  custom:scripting/monoscript/fileName/Triangles.cs: 64f7a3839fbac059155d5ec1d8597e9c -> 
  custom:scripting/monoscript/fileName/SunShaftsEditor.cs: 14ff19bb08f48e5592630a8ef09a85a4 -> 
  custom:scripting/monoscript/fileName/ContrastStretch.cs: 606dc0496a32ea6e71f97dc962793c28 -> 
  custom:scripting/monoscript/fileName/EdgeDetectionEditor.cs: 4cca3302e9c064dba4f706ba0e5d7102 -> 
  custom:container-muxer-webm: aa71ff27fc2769a1b78a27578f13a17b -> 
  custom:scripting/monoscript/fileName/ContrastEnhance.cs: 25207a33818c5454fd86fad73189b2cd -> 
  custom:video-decoder-webm-vp8: 9c59270c3fd7afecdb556c50c9e8de78 -> 
  custom:scripting/monoscript/fileName/PostEffectsHelper.cs: 5b0aade5ee85030099a328bfa56e17eb -> 
  custom:SearchIndexIgnoredProperties: e643bd26f0fe6173181afceb89e7c659 -> 
  custom:AudioImporter_EditorPlatform: d09bf68614088b80899f8185d706f6e7 -> 
  custom:scripting/monoscript/fileName/CreaseShading.cs: 5b17bf81bff982a9605309492401c574 -> 
  custom:scripting/monoscript/fileName/AntialiasingEditor.cs: cd1db322c4d4bac3e0fdd7740cc772c6 -> 
  custom:scripting/monoscript/fileName/Antialiasing.cs: bec6c7367bf7f3b527b25907b25d4102 -> 
  custom:scripting/monoscript/fileName/SepiaTone.cs: 67c7b044a145b042dba91a1a8d54f9f4 -> 
  custom:scripting/monoscript/fileName/ImageEffectBase.cs: 6d460e3d17a4175e44411c6923e62aed -> 
  custom:scripting/monoscript/fileName/NoiseAndGrain.cs: f4f7112c95c7474ffaf494b422803169 -> 
  custom:scripting/monoscript/fileName/BloomAndFlaresEditor.cs: 1f9e796d927ffcd86ccbfad6ec7007d5 -> 
  custom:scripting/monoscript/fileName/ScreenSpaceAmbientObscurance.cs: 958d0bf4e6842d24e3147fb5da01010e -> 
  custom:scripting/monoscript/fileName/CreaseShadingEditor.cs: 10fe90e5375fc621d9f19b702723dc86 -> 
  custom:scripting/monoscript/fileName/Fisheye.cs: ad168996bfc8fa7824e22ed9b5548fe9 -> 
  custom:scripting/monoscript/fileName/Twirl.cs: 13260c2451d9e72af8c2f232859ba959 -> 
  custom:scripting/monoscript/fileName/ScreenOverlay.cs: 8b6e368a4e3d0df848783015d0ee2b1e -> 
  custom:video-encoder-webm-vp8: eb34c28f22e8b96e1ab97ce403110664 -> 
  custom:scripting/monoscript/fileName/Bloom.cs: 33cd4fe5846ab030762c2d9a63dce329 -> 
  custom:audio-decoder-ogg-vorbis: bf7c407c2cedff20999df2af8eb42d56 -> 
  custom:scripting/monoscript/fileName/Vortex.cs: d2f7738ed789b7a977f000ffd0cf8890 -> 
  custom:scripting/monoscript/fileName/ColorCorrectionCurvesEditor.cs: ba8c98b45b2e94f575e6b8aff77cc447 -> 
  custom:scripting/monoscript/fileName/TonemappingEditor.cs: edac4117593cd8c316e847cfa4a2c184 -> 
  custom:scripting/monoscript/fileName/DepthOfField.cs: d3ca753d15782e18ed3483b3a0afd175 -> 
  custom:scripting/monoscript/fileName/BloomEditor.cs: 43b3df46b7cb2255d2c1c8dbcafea8dc -> 
  custom:scripting/monoscript/fileName/VignetteAndChromaticAberrationEditor.cs: de7480822b02f6e7bbb6e752b450d6c9 -> 
  custom:scripting/monoscript/fileName/BloomOptimized.cs: deef391a4062215fa64b13290b34b1e5 -> 
  custom:scripting/monoscript/fileName/BloomAndFlares.cs: 8afb5ea14b913734370925506b923fb7 -> 
  custom:scripting/monoscript/fileName/VignetteAndChromaticAberration.cs: 6f7816e6c6a96eb38e8b34a3171a3d7a -> 
  custom:scripting/monoscript/fileName/GlobalFog.cs: cec4a166fe83b304dd694da080c37c22 -> 
  custom:audio-encoder-webm-vorbis: bf7c407c2cedff20999df2af8eb42d56 -> 
  custom:scripting/monoscript/fileName/Tonemapping.cs: c9f290b3ad74cc49f26aca1f0af02743 -> 
  custom:scripting/monoscript/fileName/EdgeDetection.cs: 7e270773de6bd808e57f1eb909c3207a -> 
  custom:scripting/monoscript/fileName/ColorCorrectionCurves.cs: 0fe9ce599982e40ac8aba010733d7bdc -> 
  custom:scripting/monoscript/fileName/ColorCorrectionRamp.cs: a7e8fab02fd9ee3f41f3660b4752114a -> 
  custom:scripting/monoscript/fileName/NoiseAndScratches.cs: e0c1886d5a6b335ec4861c2068c91d03 -> 
========================================================================
Received Prepare
Caller must complete domain reload
Begin MonoManager ReloadAssembly
- Loaded All Assemblies, in  0.471 seconds
Native extension for WindowsStandalone target not found
Native extension for WebGL target not found
[Package Manager] Server::EnsureServerProcessIsRunning -- launch failed, reason: Unity was launched with the -noUpm command-line argument
[Package Manager] UpmClient::Send -- Unable to send message (not connected to UPM process).
[Package Manager] Cannot connect to Unity Package Manager local server
Mono: successfully reloaded assembly
- Finished resetting the current domain, in  0.884 seconds
Domain Reload Profiling: 1353ms
	BeginReloadAssembly (156ms)
		ExecutionOrderSort (0ms)
		DisableScriptedObjects (5ms)
		BackupInstance (0ms)
		ReleaseScriptingObjects (0ms)
		CreateAndSetChildDomain (35ms)
	RebuildCommonClasses (43ms)
	RebuildNativeTypeToScriptingClass (10ms)
	initialDomainReloadingComplete (36ms)
	LoadAllAssembliesAndSetupDomain (223ms)
		LoadAssemblies (288ms)
		RebuildTransferFunctionScriptingTraits (0ms)
		AnalyzeDomain (20ms)
			TypeCache.Refresh (11ms)
				TypeCache.ScanAssembly (0ms)
			ScanForSourceGeneratedMonoScriptInfo (0ms)
			ResolveRequiredComponents (7ms)
	FinalizeReload (885ms)
		ReleaseScriptCaches (0ms)
		RebuildScriptCaches (0ms)
		SetupLoadedEditorAssemblies (342ms)
			LogAssemblyErrors (0ms)
			InitializePlatformSupportModulesInManaged (6ms)
			SetLoadedEditorAssemblies (4ms)
			RefreshPlugins (0ms)
			BeforeProcessingInitializeOnLoad (52ms)
			ProcessInitializeOnLoadAttributes (254ms)
			ProcessInitializeOnLoadMethodAttributes (19ms)
			AfterProcessingInitializeOnLoad (7ms)
			EditorAssembliesLoaded (0ms)
		ExecutionOrderSort2 (0ms)
		AwakeInstancesAfterBackupRestoration (7ms)
Refreshing native plugins compatible for Editor in 3.69 ms, found 3 plugins.
Preloading 0 native plugins for Editor in 0.00 ms.
Unloading 3084 Unused Serialized files (Serialized files now loaded: 0)
Unloading 14 unused Assets / (28.5 KB). Loaded Objects now: 3598.
Memory consumption went from 128.1 MB to 128.1 MB.
Total: 3.126400 ms (FindLiveObjects: 0.360700 ms CreateObjectMapping: 0.231800 ms MarkObjects: 2.480800 ms  DeleteObjects: 0.051200 ms)

Prepare: number of updated asset objects reloaded= 0
AssetImportParameters requested are different than current active one (requested -> active):
  custom:scripting/monoscript/fileName/DepthOfFieldDeprecated.cs: 8700a90d2d763e9c01f08a0cd128cca8 -> 
  custom:scripting/monoscript/fileName/CameraMotionBlur.cs: 458c2b6f90eeea041921d89083a79e55 -> 
  custom:scripting/monoscript/fileName/ColorCorrectionLookupEditor.cs: a2fb9e7138550e9aa0e0de2d21737d42 -> 
  custom:scripting/monoscript/fileName/TiltShift.cs: 13ff1d7342528fc14a2e194c2bdc09fb -> 
  custom:container-demuxer-ogg: 62fdf1f143b41e24485cea50d1cbac27 -> 
  custom:scripting/monoscript/fileName/ScreenSpaceAmbientOcclusion.cs: 42eb6963a5f738a978938eb937f58d78 -> 
  custom:scripting/monoscript/fileName/DepthOfFieldEditor.cs: a3868cd4e6c6aec7c31ee3ed2b09abe8 -> 
  custom:video-codec-MediaFoundation-h265: 746d11721c4dcdbdad8f713fa42b33f4 -> 
  custom:scripting/monoscript/fileName/NoiseAndGrainEditor.cs: 0276e69b6de7374aa913d893485a004e -> 
  custom:video-decoder-ogg-theora: a1e56fd34408186e4bbccfd4996cb3dc -> 
  custom:scripting/monoscript/fileName/SunShafts.cs: abee30526487200fa16387df850e7daf -> 
  custom:scripting/monoscript/fileName/MotionBlur.cs: 7d52f2ac2c90424481a38c8ec7edb91c -> 
  custom:framework-win-MediaFoundation: 216162199b28c13a410421893ffa2e32 -> 
  custom:scripting/monoscript/fileName/Grayscale.cs: 87671e23fd2948061f63e16eb704f3a3 -> 
  custom:scripting/monoscript/fileName/BlurOptimized.cs: a99dff34286593c12b0fab92e7c0da68 -> 
  custom:scripting/monoscript/fileName/CameraMotionBlurEditor.cs: 7c502cd6630e6f5609abadb3991d9ab2 -> 
  custom:scripting/monoscript/fileName/Quads.cs: 2f24050aded65dda899533ba7849a43c -> 
  custom:scripting/monoscript/fileName/Blur.cs: 16b33e375f19895ec61239c77165934f -> 
  custom:scripting/monoscript/fileName/DepthOfFieldDeprecatedEditor.cs: 9c0d6ba6950f727fa7ed1bfef973ec32 -> 
  custom:scripting/monoscript/fileName/ImageEffects.cs: fc49fae855f2f50655b411c31423a73d -> 
  custom:scripting/monoscript/fileName/PostEffectsBase.cs: 6aabc5a6e1a831a9196622d2796540be -> 
  custom:CustomObjectIndexerAttribute: 9a22284fe3817be447336de3de66b15e -> 
  custom:scripting/monoscript/fileName/ColorCorrectionLookup.cs: cdade6b297f1c116727fa6035591313f -> 
  custom:container-demuxer-webm: 4f35f7cbe854078d1ac9338744f61a02 -> 
  custom:scripting/monoscript/fileName/Triangles.cs: 64f7a3839fbac059155d5ec1d8597e9c -> 
  custom:scripting/monoscript/fileName/SunShaftsEditor.cs: 14ff19bb08f48e5592630a8ef09a85a4 -> 
  custom:scripting/monoscript/fileName/ContrastStretch.cs: 606dc0496a32ea6e71f97dc962793c28 -> 
  custom:scripting/monoscript/fileName/EdgeDetectionEditor.cs: 4cca3302e9c064dba4f706ba0e5d7102 -> 
  custom:container-muxer-webm: aa71ff27fc2769a1b78a27578f13a17b -> 
  custom:scripting/monoscript/fileName/ContrastEnhance.cs: 25207a33818c5454fd86fad73189b2cd -> 
  custom:video-decoder-webm-vp8: 9c59270c3fd7afecdb556c50c9e8de78 -> 
  custom:scripting/monoscript/fileName/PostEffectsHelper.cs: 5b0aade5ee85030099a328bfa56e17eb -> 
  custom:SearchIndexIgnoredProperties: e643bd26f0fe6173181afceb89e7c659 -> 
  custom:AudioImporter_EditorPlatform: d09bf68614088b80899f8185d706f6e7 -> 
  custom:scripting/monoscript/fileName/CreaseShading.cs: 5b17bf81bff982a9605309492401c574 -> 
  custom:scripting/monoscript/fileName/AntialiasingEditor.cs: cd1db322c4d4bac3e0fdd7740cc772c6 -> 
  custom:scripting/monoscript/fileName/Antialiasing.cs: bec6c7367bf7f3b527b25907b25d4102 -> 
  custom:scripting/monoscript/fileName/SepiaTone.cs: 67c7b044a145b042dba91a1a8d54f9f4 -> 
  custom:scripting/monoscript/fileName/ImageEffectBase.cs: 6d460e3d17a4175e44411c6923e62aed -> 
  custom:scripting/monoscript/fileName/NoiseAndGrain.cs: f4f7112c95c7474ffaf494b422803169 -> 
  custom:scripting/monoscript/fileName/BloomAndFlaresEditor.cs: 1f9e796d927ffcd86ccbfad6ec7007d5 -> 
  custom:scripting/monoscript/fileName/ScreenSpaceAmbientObscurance.cs: 958d0bf4e6842d24e3147fb5da01010e -> 
  custom:scripting/monoscript/fileName/CreaseShadingEditor.cs: 10fe90e5375fc621d9f19b702723dc86 -> 
  custom:scripting/monoscript/fileName/Fisheye.cs: ad168996bfc8fa7824e22ed9b5548fe9 -> 
  custom:scripting/monoscript/fileName/Twirl.cs: 13260c2451d9e72af8c2f232859ba959 -> 
  custom:scripting/monoscript/fileName/ScreenOverlay.cs: 8b6e368a4e3d0df848783015d0ee2b1e -> 
  custom:video-encoder-webm-vp8: eb34c28f22e8b96e1ab97ce403110664 -> 
  custom:scripting/monoscript/fileName/Bloom.cs: 33cd4fe5846ab030762c2d9a63dce329 -> 
  custom:audio-decoder-ogg-vorbis: bf7c407c2cedff20999df2af8eb42d56 -> 
  custom:scripting/monoscript/fileName/Vortex.cs: d2f7738ed789b7a977f000ffd0cf8890 -> 
  custom:scripting/monoscript/fileName/ColorCorrectionCurvesEditor.cs: ba8c98b45b2e94f575e6b8aff77cc447 -> 
  custom:scripting/monoscript/fileName/TonemappingEditor.cs: edac4117593cd8c316e847cfa4a2c184 -> 
  custom:scripting/monoscript/fileName/DepthOfField.cs: d3ca753d15782e18ed3483b3a0afd175 -> 
  custom:scripting/monoscript/fileName/BloomEditor.cs: 43b3df46b7cb2255d2c1c8dbcafea8dc -> 
  custom:scripting/monoscript/fileName/VignetteAndChromaticAberrationEditor.cs: de7480822b02f6e7bbb6e752b450d6c9 -> 
  custom:scripting/monoscript/fileName/BloomOptimized.cs: deef391a4062215fa64b13290b34b1e5 -> 
  custom:scripting/monoscript/fileName/BloomAndFlares.cs: 8afb5ea14b913734370925506b923fb7 -> 
  custom:scripting/monoscript/fileName/VignetteAndChromaticAberration.cs: 6f7816e6c6a96eb38e8b34a3171a3d7a -> 
  custom:scripting/monoscript/fileName/GlobalFog.cs: cec4a166fe83b304dd694da080c37c22 -> 
  custom:audio-encoder-webm-vorbis: bf7c407c2cedff20999df2af8eb42d56 -> 
  custom:scripting/monoscript/fileName/Tonemapping.cs: c9f290b3ad74cc49f26aca1f0af02743 -> 
  custom:scripting/monoscript/fileName/EdgeDetection.cs: 7e270773de6bd808e57f1eb909c3207a -> 
  custom:scripting/monoscript/fileName/ColorCorrectionCurves.cs: 0fe9ce599982e40ac8aba010733d7bdc -> 
  custom:scripting/monoscript/fileName/ColorCorrectionRamp.cs: a7e8fab02fd9ee3f41f3660b4752114a -> 
  custom:scripting/monoscript/fileName/NoiseAndScratches.cs: e0c1886d5a6b335ec4861c2068c91d03 -> 
========================================================================
Received Import Request.
  Time since last request: 8585.337280 seconds.
  path: Assets/New Terrain.asset
  artifactKey: Guid(8de8dff6f09e96f4fab3d9a20a1b3cd6) Importer(815301076,1909f56bfc062723c751e8b465ee728b)
Start importing Assets/New Terrain.asset using Guid(8de8dff6f09e96f4fab3d9a20a1b3cd6) Importer(815301076,1909f56bfc062723c751e8b465ee728b) [PhysX] Initialized MultithreadedTaskDispatcher with 12 workers.
[PhysX] Initialized MultithreadedTaskDispatcher with 12 workers.
 -> (artifact id: '8e69c7b42c91b5b3e0a35595d2032995') in 0.093744 seconds
Number of updated asset objects reloaded before import = 0
Number of asset objects unloaded after import = 3
========================================================================
Received Import Request.
  Time since last request: 80.508570 seconds.
  path: Assets/piso.terrainlayer
  artifactKey: Guid(ed6e1032bcffaf94ba01a7d1cc8076ef) Importer(815301076,1909f56bfc062723c751e8b465ee728b)
Start importing Assets/piso.terrainlayer using Guid(ed6e1032bcffaf94ba01a7d1cc8076ef) Importer(815301076,1909f56bfc062723c751e8b465ee728b) [PhysX] Initialized MultithreadedTaskDispatcher with 12 workers.
 -> (artifact id: 'bf8bc9d45af1f1742f7d91769fc6b74e') in 0.048146 seconds
Number of updated asset objects reloaded before import = 0
Number of asset objects unloaded after import = 2
========================================================================
Received Prepare
Caller must complete domain reload
Begin MonoManager ReloadAssembly
- Loaded All Assemblies, in  0.433 seconds
Native extension for WindowsStandalone target not found
Native extension for WebGL target not found
[Package Manager] Server::EnsureServerProcessIsRunning -- launch failed, reason: Unity was launched with the -noUpm command-line argument
[Package Manager] UpmClient::Send -- Unable to send message (not connected to UPM process).
[Package Manager] Cannot connect to Unity Package Manager local server
Mono: successfully reloaded assembly
- Finished resetting the current domain, in  1.169 seconds
Domain Reload Profiling: 1601ms
	BeginReloadAssembly (152ms)
		ExecutionOrderSort (0ms)
		DisableScriptedObjects (5ms)
		BackupInstance (0ms)
		ReleaseScriptingObjects (0ms)
		CreateAndSetChildDomain (35ms)
	RebuildCommonClasses (37ms)
	RebuildNativeTypeToScriptingClass (16ms)
	initialDomainReloadingComplete (30ms)
	LoadAllAssembliesAndSetupDomain (197ms)
		LoadAssemblies (261ms)
		RebuildTransferFunctionScriptingTraits (0ms)
		AnalyzeDomain (15ms)
			TypeCache.Refresh (8ms)
				TypeCache.ScanAssembly (0ms)
			ScanForSourceGeneratedMonoScriptInfo (0ms)
			ResolveRequiredComponents (6ms)
	FinalizeReload (1170ms)
		ReleaseScriptCaches (0ms)
		RebuildScriptCaches (0ms)
		SetupLoadedEditorAssemblies (436ms)
			LogAssemblyErrors (0ms)
			InitializePlatformSupportModulesInManaged (8ms)
			SetLoadedEditorAssemblies (5ms)
			RefreshPlugins (0ms)
			BeforeProcessingInitializeOnLoad (66ms)
			ProcessInitializeOnLoadAttributes (329ms)
			ProcessInitializeOnLoadMethodAttributes (22ms)
			AfterProcessingInitializeOnLoad (6ms)
			EditorAssembliesLoaded (0ms)
		ExecutionOrderSort2 (0ms)
		AwakeInstancesAfterBackupRestoration (8ms)
Refreshing native plugins compatible for Editor in 3.65 ms, found 3 plugins.
Preloading 0 native plugins for Editor in 0.00 ms.
Unloading 3083 Unused Serialized files (Serialized files now loaded: 0)
Unloading 14 unused Assets / (28.6 KB). Loaded Objects now: 3607.
Memory consumption went from 132.3 MB to 132.2 MB.
Total: 2.886800 ms (FindLiveObjects: 0.256900 ms CreateObjectMapping: 0.089300 ms MarkObjects: 2.491100 ms  DeleteObjects: 0.048500 ms)

Prepare: number of updated asset objects reloaded= 0
AssetImportParameters requested are different than current active one (requested -> active):
  custom:scripting/monoscript/fileName/DepthOfFieldDeprecated.cs: 8700a90d2d763e9c01f08a0cd128cca8 -> 
  custom:scripting/monoscript/fileName/CameraMotionBlur.cs: 458c2b6f90eeea041921d89083a79e55 -> 
  custom:scripting/monoscript/fileName/ColorCorrectionLookupEditor.cs: a2fb9e7138550e9aa0e0de2d21737d42 -> 
  custom:scripting/monoscript/fileName/TiltShift.cs: 13ff1d7342528fc14a2e194c2bdc09fb -> 
  custom:container-demuxer-ogg: 62fdf1f143b41e24485cea50d1cbac27 -> 
  custom:scripting/monoscript/fileName/ScreenSpaceAmbientOcclusion.cs: 42eb6963a5f738a978938eb937f58d78 -> 
  custom:scripting/monoscript/fileName/DepthOfFieldEditor.cs: a3868cd4e6c6aec7c31ee3ed2b09abe8 -> 
  custom:video-codec-MediaFoundation-h265: 746d11721c4dcdbdad8f713fa42b33f4 -> 
  custom:scripting/monoscript/fileName/NoiseAndGrainEditor.cs: 0276e69b6de7374aa913d893485a004e -> 
  custom:video-decoder-ogg-theora: a1e56fd34408186e4bbccfd4996cb3dc -> 
  custom:scripting/monoscript/fileName/SunShafts.cs: abee30526487200fa16387df850e7daf -> 
  custom:scripting/monoscript/fileName/MotionBlur.cs: 7d52f2ac2c90424481a38c8ec7edb91c -> 
  custom:framework-win-MediaFoundation: 216162199b28c13a410421893ffa2e32 -> 
  custom:scripting/monoscript/fileName/Grayscale.cs: 87671e23fd2948061f63e16eb704f3a3 -> 
  custom:scripting/monoscript/fileName/BlurOptimized.cs: a99dff34286593c12b0fab92e7c0da68 -> 
  custom:scripting/monoscript/fileName/CameraMotionBlurEditor.cs: 7c502cd6630e6f5609abadb3991d9ab2 -> 
  custom:scripting/monoscript/fileName/Quads.cs: 2f24050aded65dda899533ba7849a43c -> 
  custom:scripting/monoscript/fileName/Blur.cs: 16b33e375f19895ec61239c77165934f -> 
  custom:scripting/monoscript/fileName/DepthOfFieldDeprecatedEditor.cs: 9c0d6ba6950f727fa7ed1bfef973ec32 -> 
  custom:scripting/monoscript/fileName/ImageEffects.cs: fc49fae855f2f50655b411c31423a73d -> 
  custom:scripting/monoscript/fileName/PostEffectsBase.cs: 6aabc5a6e1a831a9196622d2796540be -> 
  custom:CustomObjectIndexerAttribute: 9a22284fe3817be447336de3de66b15e -> 
  custom:scripting/monoscript/fileName/ColorCorrectionLookup.cs: cdade6b297f1c116727fa6035591313f -> 
  custom:container-demuxer-webm: 4f35f7cbe854078d1ac9338744f61a02 -> 
  custom:scripting/monoscript/fileName/Triangles.cs: 64f7a3839fbac059155d5ec1d8597e9c -> 
  custom:scripting/monoscript/fileName/SunShaftsEditor.cs: 14ff19bb08f48e5592630a8ef09a85a4 -> 
  custom:scripting/monoscript/fileName/ContrastStretch.cs: 606dc0496a32ea6e71f97dc962793c28 -> 
  custom:scripting/monoscript/fileName/EdgeDetectionEditor.cs: 4cca3302e9c064dba4f706ba0e5d7102 -> 
  custom:container-muxer-webm: aa71ff27fc2769a1b78a27578f13a17b -> 
  custom:scripting/monoscript/fileName/ContrastEnhance.cs: 25207a33818c5454fd86fad73189b2cd -> 
  custom:video-decoder-webm-vp8: 9c59270c3fd7afecdb556c50c9e8de78 -> 
  custom:scripting/monoscript/fileName/PostEffectsHelper.cs: 5b0aade5ee85030099a328bfa56e17eb -> 
  custom:SearchIndexIgnoredProperties: e643bd26f0fe6173181afceb89e7c659 -> 
  custom:AudioImporter_EditorPlatform: d09bf68614088b80899f8185d706f6e7 -> 
  custom:scripting/monoscript/fileName/CreaseShading.cs: 5b17bf81bff982a9605309492401c574 -> 
  custom:scripting/monoscript/fileName/AntialiasingEditor.cs: cd1db322c4d4bac3e0fdd7740cc772c6 -> 
  custom:scripting/monoscript/fileName/Antialiasing.cs: bec6c7367bf7f3b527b25907b25d4102 -> 
  custom:scripting/monoscript/fileName/SepiaTone.cs: 67c7b044a145b042dba91a1a8d54f9f4 -> 
  custom:scripting/monoscript/fileName/ImageEffectBase.cs: 6d460e3d17a4175e44411c6923e62aed -> 
  custom:scripting/monoscript/fileName/NoiseAndGrain.cs: f4f7112c95c7474ffaf494b422803169 -> 
  custom:scripting/monoscript/fileName/BloomAndFlaresEditor.cs: 1f9e796d927ffcd86ccbfad6ec7007d5 -> 
  custom:scripting/monoscript/fileName/ScreenSpaceAmbientObscurance.cs: 958d0bf4e6842d24e3147fb5da01010e -> 
  custom:scripting/monoscript/fileName/CreaseShadingEditor.cs: 10fe90e5375fc621d9f19b702723dc86 -> 
  custom:scripting/monoscript/fileName/Fisheye.cs: ad168996bfc8fa7824e22ed9b5548fe9 -> 
  custom:scripting/monoscript/fileName/Twirl.cs: 13260c2451d9e72af8c2f232859ba959 -> 
  custom:scripting/monoscript/fileName/ScreenOverlay.cs: 8b6e368a4e3d0df848783015d0ee2b1e -> 
  custom:video-encoder-webm-vp8: eb34c28f22e8b96e1ab97ce403110664 -> 
  custom:scripting/monoscript/fileName/Bloom.cs: 33cd4fe5846ab030762c2d9a63dce329 -> 
  custom:audio-decoder-ogg-vorbis: bf7c407c2cedff20999df2af8eb42d56 -> 
  custom:scripting/monoscript/fileName/Vortex.cs: d2f7738ed789b7a977f000ffd0cf8890 -> 
  custom:scripting/monoscript/fileName/ColorCorrectionCurvesEditor.cs: ba8c98b45b2e94f575e6b8aff77cc447 -> 
  custom:scripting/monoscript/fileName/TonemappingEditor.cs: edac4117593cd8c316e847cfa4a2c184 -> 
  custom:scripting/monoscript/fileName/DepthOfField.cs: d3ca753d15782e18ed3483b3a0afd175 -> 
  custom:scripting/monoscript/fileName/BloomEditor.cs: 43b3df46b7cb2255d2c1c8dbcafea8dc -> 
  custom:scripting/monoscript/fileName/VignetteAndChromaticAberrationEditor.cs: de7480822b02f6e7bbb6e752b450d6c9 -> 
  custom:scripting/monoscript/fileName/BloomOptimized.cs: deef391a4062215fa64b13290b34b1e5 -> 
  custom:scripting/monoscript/fileName/BloomAndFlares.cs: 8afb5ea14b913734370925506b923fb7 -> 
  custom:scripting/monoscript/fileName/VignetteAndChromaticAberration.cs: 6f7816e6c6a96eb38e8b34a3171a3d7a -> 
  custom:scripting/monoscript/fileName/GlobalFog.cs: cec4a166fe83b304dd694da080c37c22 -> 
  custom:audio-encoder-webm-vorbis: bf7c407c2cedff20999df2af8eb42d56 -> 
  custom:scripting/monoscript/fileName/Tonemapping.cs: c9f290b3ad74cc49f26aca1f0af02743 -> 
  custom:scripting/monoscript/fileName/EdgeDetection.cs: 7e270773de6bd808e57f1eb909c3207a -> 
  custom:scripting/monoscript/fileName/ColorCorrectionCurves.cs: 0fe9ce599982e40ac8aba010733d7bdc -> 
  custom:scripting/monoscript/fileName/ColorCorrectionRamp.cs: a7e8fab02fd9ee3f41f3660b4752114a -> 
  custom:scripting/monoscript/fileName/NoiseAndScratches.cs: e0c1886d5a6b335ec4861c2068c91d03 -> 
========================================================================
Received Prepare
Caller must complete domain reload
Begin MonoManager ReloadAssembly
- Loaded All Assemblies, in  0.407 seconds
Native extension for WindowsStandalone target not found
Native extension for WebGL target not found
[Package Manager] Server::EnsureServerProcessIsRunning -- launch failed, reason: Unity was launched with the -noUpm command-line argument
[Package Manager] UpmClient::Send -- Unable to send message (not connected to UPM process).
[Package Manager] Cannot connect to Unity Package Manager local server
Mono: successfully reloaded assembly
- Finished resetting the current domain, in  0.891 seconds
Domain Reload Profiling: 1295ms
	BeginReloadAssembly (144ms)
		ExecutionOrderSort (0ms)
		DisableScriptedObjects (5ms)
		BackupInstance (0ms)
		ReleaseScriptingObjects (0ms)
		CreateAndSetChildDomain (29ms)
	RebuildCommonClasses (39ms)
	RebuildNativeTypeToScriptingClass (11ms)
	initialDomainReloadingComplete (28ms)
	LoadAllAssembliesAndSetupDomain (182ms)
		LoadAssemblies (250ms)
		RebuildTransferFunctionScriptingTraits (0ms)
		AnalyzeDomain (12ms)
			TypeCache.Refresh (6ms)
				TypeCache.ScanAssembly (0ms)
			ScanForSourceGeneratedMonoScriptInfo (0ms)
			ResolveRequiredComponents (5ms)
	FinalizeReload (892ms)
		ReleaseScriptCaches (0ms)
		RebuildScriptCaches (0ms)
		SetupLoadedEditorAssemblies (444ms)
			LogAssemblyErrors (0ms)
			InitializePlatformSupportModulesInManaged (8ms)
			SetLoadedEditorAssemblies (5ms)
			RefreshPlugins (0ms)
			BeforeProcessingInitializeOnLoad (67ms)
			ProcessInitializeOnLoadAttributes (334ms)
			ProcessInitializeOnLoadMethodAttributes (22ms)
			AfterProcessingInitializeOnLoad (7ms)
			EditorAssembliesLoaded (0ms)
		ExecutionOrderSort2 (0ms)
		AwakeInstancesAfterBackupRestoration (8ms)
Refreshing native plugins compatible for Editor in 4.02 ms, found 3 plugins.
Preloading 0 native plugins for Editor in 0.00 ms.
Unloading 3084 Unused Serialized files (Serialized files now loaded: 0)
Unloading 14 unused Assets / (28.5 KB). Loaded Objects now: 3610.
Memory consumption went from 132.5 MB to 132.5 MB.
Total: 3.897800 ms (FindLiveObjects: 0.355400 ms CreateObjectMapping: 0.162100 ms MarkObjects: 3.328200 ms  DeleteObjects: 0.050900 ms)

Prepare: number of updated asset objects reloaded= 0
AssetImportParameters requested are different than current active one (requested -> active):
  custom:scripting/monoscript/fileName/DepthOfFieldDeprecated.cs: 8700a90d2d763e9c01f08a0cd128cca8 -> 
  custom:scripting/monoscript/fileName/CameraMotionBlur.cs: 458c2b6f90eeea041921d89083a79e55 -> 
  custom:scripting/monoscript/fileName/ColorCorrectionLookupEditor.cs: a2fb9e7138550e9aa0e0de2d21737d42 -> 
  custom:scripting/monoscript/fileName/TiltShift.cs: 13ff1d7342528fc14a2e194c2bdc09fb -> 
  custom:container-demuxer-ogg: 62fdf1f143b41e24485cea50d1cbac27 -> 
  custom:scripting/monoscript/fileName/ScreenSpaceAmbientOcclusion.cs: 42eb6963a5f738a978938eb937f58d78 -> 
  custom:scripting/monoscript/fileName/DepthOfFieldEditor.cs: a3868cd4e6c6aec7c31ee3ed2b09abe8 -> 
  custom:video-codec-MediaFoundation-h265: 746d11721c4dcdbdad8f713fa42b33f4 -> 
  custom:scripting/monoscript/fileName/NoiseAndGrainEditor.cs: 0276e69b6de7374aa913d893485a004e -> 
  custom:video-decoder-ogg-theora: a1e56fd34408186e4bbccfd4996cb3dc -> 
  custom:scripting/monoscript/fileName/SunShafts.cs: abee30526487200fa16387df850e7daf -> 
  custom:scripting/monoscript/fileName/MotionBlur.cs: 7d52f2ac2c90424481a38c8ec7edb91c -> 
  custom:framework-win-MediaFoundation: 216162199b28c13a410421893ffa2e32 -> 
  custom:scripting/monoscript/fileName/Grayscale.cs: 87671e23fd2948061f63e16eb704f3a3 -> 
  custom:scripting/monoscript/fileName/BlurOptimized.cs: a99dff34286593c12b0fab92e7c0da68 -> 
  custom:scripting/monoscript/fileName/CameraMotionBlurEditor.cs: 7c502cd6630e6f5609abadb3991d9ab2 -> 
  custom:scripting/monoscript/fileName/Quads.cs: 2f24050aded65dda899533ba7849a43c -> 
  custom:scripting/monoscript/fileName/Blur.cs: 16b33e375f19895ec61239c77165934f -> 
  custom:scripting/monoscript/fileName/DepthOfFieldDeprecatedEditor.cs: 9c0d6ba6950f727fa7ed1bfef973ec32 -> 
  custom:scripting/monoscript/fileName/ImageEffects.cs: fc49fae855f2f50655b411c31423a73d -> 
  custom:scripting/monoscript/fileName/PostEffectsBase.cs: 6aabc5a6e1a831a9196622d2796540be -> 
  custom:CustomObjectIndexerAttribute: 9a22284fe3817be447336de3de66b15e -> 
  custom:scripting/monoscript/fileName/ColorCorrectionLookup.cs: cdade6b297f1c116727fa6035591313f -> 
  custom:container-demuxer-webm: 4f35f7cbe854078d1ac9338744f61a02 -> 
  custom:scripting/monoscript/fileName/Triangles.cs: 64f7a3839fbac059155d5ec1d8597e9c -> 
  custom:scripting/monoscript/fileName/SunShaftsEditor.cs: 14ff19bb08f48e5592630a8ef09a85a4 -> 
  custom:scripting/monoscript/fileName/ContrastStretch.cs: 606dc0496a32ea6e71f97dc962793c28 -> 
  custom:scripting/monoscript/fileName/EdgeDetectionEditor.cs: 4cca3302e9c064dba4f706ba0e5d7102 -> 
  custom:container-muxer-webm: aa71ff27fc2769a1b78a27578f13a17b -> 
  custom:scripting/monoscript/fileName/ContrastEnhance.cs: 25207a33818c5454fd86fad73189b2cd -> 
  custom:video-decoder-webm-vp8: 9c59270c3fd7afecdb556c50c9e8de78 -> 
  custom:scripting/monoscript/fileName/PostEffectsHelper.cs: 5b0aade5ee85030099a328bfa56e17eb -> 
  custom:SearchIndexIgnoredProperties: e643bd26f0fe6173181afceb89e7c659 -> 
  custom:AudioImporter_EditorPlatform: d09bf68614088b80899f8185d706f6e7 -> 
  custom:scripting/monoscript/fileName/CreaseShading.cs: 5b17bf81bff982a9605309492401c574 -> 
  custom:scripting/monoscript/fileName/AntialiasingEditor.cs: cd1db322c4d4bac3e0fdd7740cc772c6 -> 
  custom:scripting/monoscript/fileName/Antialiasing.cs: bec6c7367bf7f3b527b25907b25d4102 -> 
  custom:scripting/monoscript/fileName/SepiaTone.cs: 67c7b044a145b042dba91a1a8d54f9f4 -> 
  custom:scripting/monoscript/fileName/ImageEffectBase.cs: 6d460e3d17a4175e44411c6923e62aed -> 
  custom:scripting/monoscript/fileName/NoiseAndGrain.cs: f4f7112c95c7474ffaf494b422803169 -> 
  custom:scripting/monoscript/fileName/BloomAndFlaresEditor.cs: 1f9e796d927ffcd86ccbfad6ec7007d5 -> 
  custom:scripting/monoscript/fileName/ScreenSpaceAmbientObscurance.cs: 958d0bf4e6842d24e3147fb5da01010e -> 
  custom:scripting/monoscript/fileName/CreaseShadingEditor.cs: 10fe90e5375fc621d9f19b702723dc86 -> 
  custom:scripting/monoscript/fileName/Fisheye.cs: ad168996bfc8fa7824e22ed9b5548fe9 -> 
  custom:scripting/monoscript/fileName/Twirl.cs: 13260c2451d9e72af8c2f232859ba959 -> 
  custom:scripting/monoscript/fileName/ScreenOverlay.cs: 8b6e368a4e3d0df848783015d0ee2b1e -> 
  custom:video-encoder-webm-vp8: eb34c28f22e8b96e1ab97ce403110664 -> 
  custom:scripting/monoscript/fileName/Bloom.cs: 33cd4fe5846ab030762c2d9a63dce329 -> 
  custom:audio-decoder-ogg-vorbis: bf7c407c2cedff20999df2af8eb42d56 -> 
  custom:scripting/monoscript/fileName/Vortex.cs: d2f7738ed789b7a977f000ffd0cf8890 -> 
  custom:scripting/monoscript/fileName/ColorCorrectionCurvesEditor.cs: ba8c98b45b2e94f575e6b8aff77cc447 -> 
  custom:scripting/monoscript/fileName/TonemappingEditor.cs: edac4117593cd8c316e847cfa4a2c184 -> 
  custom:scripting/monoscript/fileName/DepthOfField.cs: d3ca753d15782e18ed3483b3a0afd175 -> 
  custom:scripting/monoscript/fileName/BloomEditor.cs: 43b3df46b7cb2255d2c1c8dbcafea8dc -> 
  custom:scripting/monoscript/fileName/VignetteAndChromaticAberrationEditor.cs: de7480822b02f6e7bbb6e752b450d6c9 -> 
  custom:scripting/monoscript/fileName/BloomOptimized.cs: deef391a4062215fa64b13290b34b1e5 -> 
  custom:scripting/monoscript/fileName/BloomAndFlares.cs: 8afb5ea14b913734370925506b923fb7 -> 
  custom:scripting/monoscript/fileName/VignetteAndChromaticAberration.cs: 6f7816e6c6a96eb38e8b34a3171a3d7a -> 
  custom:scripting/monoscript/fileName/GlobalFog.cs: cec4a166fe83b304dd694da080c37c22 -> 
  custom:audio-encoder-webm-vorbis: bf7c407c2cedff20999df2af8eb42d56 -> 
  custom:scripting/monoscript/fileName/Tonemapping.cs: c9f290b3ad74cc49f26aca1f0af02743 -> 
  custom:scripting/monoscript/fileName/EdgeDetection.cs: 7e270773de6bd808e57f1eb909c3207a -> 
  custom:scripting/monoscript/fileName/ColorCorrectionCurves.cs: 0fe9ce599982e40ac8aba010733d7bdc -> 
  custom:scripting/monoscript/fileName/ColorCorrectionRamp.cs: a7e8fab02fd9ee3f41f3660b4752114a -> 
  custom:scripting/monoscript/fileName/NoiseAndScratches.cs: e0c1886d5a6b335ec4861c2068c91d03 -> 
