Using pre-set license
Built from '2022.3/staging' branch; Version is '2022.3.42f1 (2dcb6a0abc42) revision 3001194'; Using compiler version '192829333'; Build Type 'Release'
OS: 'Windows 11  (10.0.22631) 64bit CoreSingleLanguage' Language: 'es' Physical Memory: 7829 MB
BatchMode: 1, IsHumanControllingUs: 0, StartBugReporterOnCrash: 0, Is64bit: 1, IsPro: 1

COMMAND LINE ARGUMENTS:
C:\Program Files\Unity\Hub\Editor\2022.3.42f1\Editor\Unity.exe
-adb2
-batchMode
-noUpm
-name
AssetImportWorker3
-projectPath
C:/Users/Virus/Prueba_1
-logFile
Logs/AssetImportWorker3.log
-srvPort
50175
Successfully changed project path to: C:/Users/Virus/Prueba_1
C:/Users/Virus/Prueba_1
[UnityMemory] Configuration Parameters - Can be set up in boot.config
    "memorysetup-bucket-allocator-granularity=16"
    "memorysetup-bucket-allocator-bucket-count=8"
    "memorysetup-bucket-allocator-block-size=33554432"
    "memorysetup-bucket-allocator-block-count=8"
    "memorysetup-main-allocator-block-size=16777216"
    "memorysetup-thread-allocator-block-size=16777216"
    "memorysetup-gfx-main-allocator-block-size=16777216"
    "memorysetup-gfx-thread-allocator-block-size=16777216"
    "memorysetup-cache-allocator-block-size=4194304"
    "memorysetup-typetree-allocator-block-size=2097152"
    "memorysetup-profiler-bucket-allocator-granularity=16"
    "memorysetup-profiler-bucket-allocator-bucket-count=8"
    "memorysetup-profiler-bucket-allocator-block-size=33554432"
    "memorysetup-profiler-bucket-allocator-block-count=8"
    "memorysetup-profiler-allocator-block-size=16777216"
    "memorysetup-profiler-editor-allocator-block-size=1048576"
    "memorysetup-temp-allocator-size-main=16777216"
    "memorysetup-job-temp-allocator-block-size=2097152"
    "memorysetup-job-temp-allocator-block-size-background=1048576"
    "memorysetup-job-temp-allocator-reduction-small-platforms=262144"
    "memorysetup-allocator-temp-initial-block-size-main=262144"
    "memorysetup-allocator-temp-initial-block-size-worker=262144"
    "memorysetup-temp-allocator-size-background-worker=32768"
    "memorysetup-temp-allocator-size-job-worker=262144"
    "memorysetup-temp-allocator-size-preload-manager=33554432"
    "memorysetup-temp-allocator-size-nav-mesh-worker=65536"
    "memorysetup-temp-allocator-size-audio-worker=65536"
    "memorysetup-temp-allocator-size-cloud-worker=32768"
    "memorysetup-temp-allocator-size-gi-baking-worker=262144"
    "memorysetup-temp-allocator-size-gfx=262144"
Player connection [4216]  Target information:

Player connection [4216]  * "[IP] 192.168.56.1 [Port] 0 [Flags] 2 [Guid] 3402380828 [EditorId] 3402380828 [Version] 1048832 [Id] WindowsEditor(7,Victorio) [Debug] 1 [PackageName] WindowsEditor [ProjectName] Editor" 

Player connection [4216]  * "[IP] 192.168.1.17 [Port] 0 [Flags] 2 [Guid] 3402380828 [EditorId] 3402380828 [Version] 1048832 [Id] WindowsEditor(7,Victorio) [Debug] 1 [PackageName] WindowsEditor [ProjectName] Editor" 

Player connection [4216] Host joined multi-casting on [225.0.0.222:54997]...
Player connection [4216] Host joined alternative multi-casting on [225.0.0.222:34997]...
[PhysX] Initialized MultithreadedTaskDispatcher with 12 workers.
Refreshing native plugins compatible for Editor in 8.78 ms, found 3 plugins.
Preloading 0 native plugins for Editor in 0.00 ms.
Initialize engine version: 2022.3.42f1 (2dcb6a0abc42)
[Subsystems] Discovering subsystems at path C:/Program Files/Unity/Hub/Editor/2022.3.42f1/Editor/Data/Resources/UnitySubsystems
[Subsystems] Discovering subsystems at path C:/Users/Virus/Prueba_1/Assets
GfxDevice: creating device client; threaded=0; jobified=0
Direct3D:
    Version:  Direct3D 11.0 [level 11.1]
    Renderer: NVIDIA GeForce RTX 3050 Ti Laptop GPU (ID=0x25a0)
    Vendor:   NVIDIA
    VRAM:     3977 MB
    Driver:   31.0.15.4680
Initialize mono
Mono path[0] = 'C:/Program Files/Unity/Hub/Editor/2022.3.42f1/Editor/Data/Managed'
Mono path[1] = 'C:/Program Files/Unity/Hub/Editor/2022.3.42f1/Editor/Data/MonoBleedingEdge/lib/mono/unityjit-win32'
Mono config path = 'C:/Program Files/Unity/Hub/Editor/2022.3.42f1/Editor/Data/MonoBleedingEdge/etc'
Using monoOptions --debugger-agent=transport=dt_socket,embedding=1,server=y,suspend=n,address=127.0.0.1:56944
Begin MonoManager ReloadAssembly
Registering precompiled unity dll's ...
Register platform support module: C:/Program Files/Unity/Hub/Editor/2022.3.42f1/Editor/Data/PlaybackEngines/WebGLSupport/UnityEditor.WebGL.Extensions.dll
Register platform support module: C:/Program Files/Unity/Hub/Editor/2022.3.42f1/Editor/Data/PlaybackEngines/WindowsStandaloneSupport/UnityEditor.WindowsStandalone.Extensions.dll
Registered in 0.008249 seconds.
- Loaded All Assemblies, in  0.306 seconds
Native extension for WindowsStandalone target not found
Native extension for WebGL target not found
Mono: successfully reloaded assembly
- Finished resetting the current domain, in  0.232 seconds
Domain Reload Profiling: 538ms
	BeginReloadAssembly (98ms)
		ExecutionOrderSort (0ms)
		DisableScriptedObjects (0ms)
		BackupInstance (0ms)
		ReleaseScriptingObjects (0ms)
		CreateAndSetChildDomain (1ms)
	RebuildCommonClasses (26ms)
	RebuildNativeTypeToScriptingClass (8ms)
	initialDomainReloadingComplete (51ms)
	LoadAllAssembliesAndSetupDomain (122ms)
		LoadAssemblies (96ms)
		RebuildTransferFunctionScriptingTraits (0ms)
		AnalyzeDomain (120ms)
			TypeCache.Refresh (119ms)
				TypeCache.ScanAssembly (108ms)
			ScanForSourceGeneratedMonoScriptInfo (0ms)
			ResolveRequiredComponents (0ms)
	FinalizeReload (233ms)
		ReleaseScriptCaches (0ms)
		RebuildScriptCaches (0ms)
		SetupLoadedEditorAssemblies (187ms)
			LogAssemblyErrors (0ms)
			InitializePlatformSupportModulesInManaged (11ms)
			SetLoadedEditorAssemblies (6ms)
			RefreshPlugins (0ms)
			BeforeProcessingInitializeOnLoad (2ms)
			ProcessInitializeOnLoadAttributes (131ms)
			ProcessInitializeOnLoadMethodAttributes (37ms)
			AfterProcessingInitializeOnLoad (0ms)
			EditorAssembliesLoaded (0ms)
		ExecutionOrderSort2 (0ms)
		AwakeInstancesAfterBackupRestoration (0ms)
========================================================================
Worker process is ready to serve import requests
Caller must complete domain reload
Begin MonoManager ReloadAssembly
- Loaded All Assemblies, in  0.782 seconds
Native extension for WindowsStandalone target not found
Native extension for WebGL target not found
Package Manager log level set to [2]
[Package Manager] Server::EnsureServerProcessIsRunning -- launch failed, reason: Unity was launched with the -noUpm command-line argument
[Package Manager] UpmClient::Send -- Unable to send message (not connected to UPM process).
[Package Manager] Cannot connect to Unity Package Manager local server
Mono: successfully reloaded assembly
- Finished resetting the current domain, in  0.439 seconds
Domain Reload Profiling: 1220ms
	BeginReloadAssembly (130ms)
		ExecutionOrderSort (0ms)
		DisableScriptedObjects (4ms)
		BackupInstance (0ms)
		ReleaseScriptingObjects (0ms)
		CreateAndSetChildDomain (17ms)
	RebuildCommonClasses (27ms)
	RebuildNativeTypeToScriptingClass (8ms)
	initialDomainReloadingComplete (32ms)
	LoadAllAssembliesAndSetupDomain (584ms)
		LoadAssemblies (515ms)
		RebuildTransferFunctionScriptingTraits (0ms)
		AnalyzeDomain (137ms)
			TypeCache.Refresh (121ms)
				TypeCache.ScanAssembly (107ms)
			ScanForSourceGeneratedMonoScriptInfo (11ms)
			ResolveRequiredComponents (3ms)
	FinalizeReload (439ms)
		ReleaseScriptCaches (0ms)
		RebuildScriptCaches (0ms)
		SetupLoadedEditorAssemblies (335ms)
			LogAssemblyErrors (0ms)
			InitializePlatformSupportModulesInManaged (6ms)
			SetLoadedEditorAssemblies (3ms)
			RefreshPlugins (0ms)
			BeforeProcessingInitializeOnLoad (47ms)
			ProcessInitializeOnLoadAttributes (259ms)
			ProcessInitializeOnLoadMethodAttributes (15ms)
			AfterProcessingInitializeOnLoad (5ms)
			EditorAssembliesLoaded (0ms)
		ExecutionOrderSort2 (0ms)
		AwakeInstancesAfterBackupRestoration (5ms)
Launched and connected shader compiler UnityShaderCompiler.exe after 0.04 seconds
Refreshing native plugins compatible for Editor in 2.52 ms, found 3 plugins.
Preloading 0 native plugins for Editor in 0.00 ms.
Unloading 3090 Unused Serialized files (Serialized files now loaded: 0)
Unloading 19 unused Assets / (55.1 KB). Loaded Objects now: 3580.
Memory consumption went from 129.0 MB to 128.9 MB.
Total: 2.387400 ms (FindLiveObjects: 0.242700 ms CreateObjectMapping: 0.074400 ms MarkObjects: 1.973500 ms  DeleteObjects: 0.095100 ms)

AssetImportParameters requested are different than current active one (requested -> active):
  custom:scripting/monoscript/fileName/DepthOfFieldDeprecated.cs: 8700a90d2d763e9c01f08a0cd128cca8 -> 
  custom:scripting/monoscript/fileName/CameraMotionBlur.cs: 458c2b6f90eeea041921d89083a79e55 -> 
  custom:scripting/monoscript/fileName/ColorCorrectionLookupEditor.cs: a2fb9e7138550e9aa0e0de2d21737d42 -> 
  custom:scripting/monoscript/fileName/TiltShift.cs: 13ff1d7342528fc14a2e194c2bdc09fb -> 
  custom:container-demuxer-ogg: 62fdf1f143b41e24485cea50d1cbac27 -> 
  custom:scripting/monoscript/fileName/ScreenSpaceAmbientOcclusion.cs: 42eb6963a5f738a978938eb937f58d78 -> 
  custom:scripting/monoscript/fileName/DepthOfFieldEditor.cs: a3868cd4e6c6aec7c31ee3ed2b09abe8 -> 
  custom:video-codec-MediaFoundation-h265: 746d11721c4dcdbdad8f713fa42b33f4 -> 
  custom:scripting/monoscript/fileName/NoiseAndGrainEditor.cs: 0276e69b6de7374aa913d893485a004e -> 
  custom:video-decoder-ogg-theora: a1e56fd34408186e4bbccfd4996cb3dc -> 
  custom:scripting/monoscript/fileName/SunShafts.cs: abee30526487200fa16387df850e7daf -> 
  custom:scripting/monoscript/fileName/MotionBlur.cs: 7d52f2ac2c90424481a38c8ec7edb91c -> 
  custom:framework-win-MediaFoundation: 216162199b28c13a410421893ffa2e32 -> 
  custom:scripting/monoscript/fileName/Grayscale.cs: 87671e23fd2948061f63e16eb704f3a3 -> 
  custom:scripting/monoscript/fileName/BlurOptimized.cs: a99dff34286593c12b0fab92e7c0da68 -> 
  custom:scripting/monoscript/fileName/CameraMotionBlurEditor.cs: 7c502cd6630e6f5609abadb3991d9ab2 -> 
  custom:scripting/monoscript/fileName/Quads.cs: 2f24050aded65dda899533ba7849a43c -> 
  custom:scripting/monoscript/fileName/Blur.cs: 16b33e375f19895ec61239c77165934f -> 
  custom:scripting/monoscript/fileName/DepthOfFieldDeprecatedEditor.cs: 9c0d6ba6950f727fa7ed1bfef973ec32 -> 
  custom:scripting/monoscript/fileName/ImageEffects.cs: fc49fae855f2f50655b411c31423a73d -> 
  custom:scripting/monoscript/fileName/PostEffectsBase.cs: 6aabc5a6e1a831a9196622d2796540be -> 
  custom:CustomObjectIndexerAttribute: 9a22284fe3817be447336de3de66b15e -> 
  custom:scripting/monoscript/fileName/ColorCorrectionLookup.cs: cdade6b297f1c116727fa6035591313f -> 
  custom:container-demuxer-webm: 4f35f7cbe854078d1ac9338744f61a02 -> 
  custom:scripting/monoscript/fileName/Triangles.cs: 64f7a3839fbac059155d5ec1d8597e9c -> 
  custom:scripting/monoscript/fileName/SunShaftsEditor.cs: 14ff19bb08f48e5592630a8ef09a85a4 -> 
  custom:scripting/monoscript/fileName/ContrastStretch.cs: 606dc0496a32ea6e71f97dc962793c28 -> 
  custom:scripting/monoscript/fileName/EdgeDetectionEditor.cs: 4cca3302e9c064dba4f706ba0e5d7102 -> 
  custom:container-muxer-webm: aa71ff27fc2769a1b78a27578f13a17b -> 
  custom:scripting/monoscript/fileName/ContrastEnhance.cs: 25207a33818c5454fd86fad73189b2cd -> 
  custom:video-decoder-webm-vp8: 9c59270c3fd7afecdb556c50c9e8de78 -> 
  custom:scripting/monoscript/fileName/PostEffectsHelper.cs: 5b0aade5ee85030099a328bfa56e17eb -> 
  custom:SearchIndexIgnoredProperties: e643bd26f0fe6173181afceb89e7c659 -> 
  custom:AudioImporter_EditorPlatform: d09bf68614088b80899f8185d706f6e7 -> 
  custom:scripting/monoscript/fileName/CreaseShading.cs: 5b17bf81bff982a9605309492401c574 -> 
  custom:scripting/monoscript/fileName/AntialiasingEditor.cs: cd1db322c4d4bac3e0fdd7740cc772c6 -> 
  custom:scripting/monoscript/fileName/Antialiasing.cs: bec6c7367bf7f3b527b25907b25d4102 -> 
  custom:scripting/monoscript/fileName/SepiaTone.cs: 67c7b044a145b042dba91a1a8d54f9f4 -> 
  custom:scripting/monoscript/fileName/ImageEffectBase.cs: 6d460e3d17a4175e44411c6923e62aed -> 
  custom:scripting/monoscript/fileName/NoiseAndGrain.cs: f4f7112c95c7474ffaf494b422803169 -> 
  custom:scripting/monoscript/fileName/BloomAndFlaresEditor.cs: 1f9e796d927ffcd86ccbfad6ec7007d5 -> 
  custom:scripting/monoscript/fileName/ScreenSpaceAmbientObscurance.cs: 958d0bf4e6842d24e3147fb5da01010e -> 
  custom:scripting/monoscript/fileName/CreaseShadingEditor.cs: 10fe90e5375fc621d9f19b702723dc86 -> 
  custom:scripting/monoscript/fileName/Fisheye.cs: ad168996bfc8fa7824e22ed9b5548fe9 -> 
  custom:scripting/monoscript/fileName/Twirl.cs: 13260c2451d9e72af8c2f232859ba959 -> 
  custom:scripting/monoscript/fileName/ScreenOverlay.cs: 8b6e368a4e3d0df848783015d0ee2b1e -> 
  custom:video-encoder-webm-vp8: eb34c28f22e8b96e1ab97ce403110664 -> 
  custom:scripting/monoscript/fileName/Bloom.cs: 33cd4fe5846ab030762c2d9a63dce329 -> 
  custom:audio-decoder-ogg-vorbis: bf7c407c2cedff20999df2af8eb42d56 -> 
  custom:scripting/monoscript/fileName/Vortex.cs: d2f7738ed789b7a977f000ffd0cf8890 -> 
  custom:scripting/monoscript/fileName/ColorCorrectionCurvesEditor.cs: ba8c98b45b2e94f575e6b8aff77cc447 -> 
  custom:scripting/monoscript/fileName/TonemappingEditor.cs: edac4117593cd8c316e847cfa4a2c184 -> 
  custom:scripting/monoscript/fileName/DepthOfField.cs: d3ca753d15782e18ed3483b3a0afd175 -> 
  custom:scripting/monoscript/fileName/BloomEditor.cs: 43b3df46b7cb2255d2c1c8dbcafea8dc -> 
  custom:scripting/monoscript/fileName/VignetteAndChromaticAberrationEditor.cs: de7480822b02f6e7bbb6e752b450d6c9 -> 
  custom:scripting/monoscript/fileName/BloomOptimized.cs: deef391a4062215fa64b13290b34b1e5 -> 
  custom:scripting/monoscript/fileName/BloomAndFlares.cs: 8afb5ea14b913734370925506b923fb7 -> 
  custom:scripting/monoscript/fileName/VignetteAndChromaticAberration.cs: 6f7816e6c6a96eb38e8b34a3171a3d7a -> 
  custom:scripting/monoscript/fileName/GlobalFog.cs: cec4a166fe83b304dd694da080c37c22 -> 
  custom:audio-encoder-webm-vorbis: bf7c407c2cedff20999df2af8eb42d56 -> 
  custom:scripting/monoscript/fileName/Tonemapping.cs: c9f290b3ad74cc49f26aca1f0af02743 -> 
  custom:scripting/monoscript/fileName/EdgeDetection.cs: 7e270773de6bd808e57f1eb909c3207a -> 
  custom:scripting/monoscript/fileName/ColorCorrectionCurves.cs: 0fe9ce599982e40ac8aba010733d7bdc -> 
  custom:scripting/monoscript/fileName/ColorCorrectionRamp.cs: a7e8fab02fd9ee3f41f3660b4752114a -> 
  custom:scripting/monoscript/fileName/NoiseAndScratches.cs: e0c1886d5a6b335ec4861c2068c91d03 -> 
========================================================================
Received Import Request.
  Time since last request: 4389.238092 seconds.
  path: Assets/NewLayer.terrainlayer
  artifactKey: Guid(ed6e1032bcffaf94ba01a7d1cc8076ef) Importer(815301076,1909f56bfc062723c751e8b465ee728b)
Start importing Assets/NewLayer.terrainlayer using Guid(ed6e1032bcffaf94ba01a7d1cc8076ef) Importer(815301076,1909f56bfc062723c751e8b465ee728b) [PhysX] Initialized MultithreadedTaskDispatcher with 12 workers.
 -> (artifact id: '286848872d283cbfa191a7e8bc8aa149') in 0.083689 seconds
Number of updated asset objects reloaded before import = 0
Number of asset objects unloaded after import = 2
========================================================================
Received Prepare
Caller must complete domain reload
Begin MonoManager ReloadAssembly
- Loaded All Assemblies, in  0.400 seconds
Native extension for WindowsStandalone target not found
Native extension for WebGL target not found
[Package Manager] Server::EnsureServerProcessIsRunning -- launch failed, reason: Unity was launched with the -noUpm command-line argument
[Package Manager] UpmClient::Send -- Unable to send message (not connected to UPM process).
[Package Manager] Cannot connect to Unity Package Manager local server
Mono: successfully reloaded assembly
- Finished resetting the current domain, in  0.908 seconds
Domain Reload Profiling: 1305ms
	BeginReloadAssembly (155ms)
		ExecutionOrderSort (0ms)
		DisableScriptedObjects (5ms)
		BackupInstance (0ms)
		ReleaseScriptingObjects (0ms)
		CreateAndSetChildDomain (41ms)
	RebuildCommonClasses (34ms)
	RebuildNativeTypeToScriptingClass (11ms)
	initialDomainReloadingComplete (25ms)
	LoadAllAssembliesAndSetupDomain (171ms)
		LoadAssemblies (237ms)
		RebuildTransferFunctionScriptingTraits (0ms)
		AnalyzeDomain (11ms)
			TypeCache.Refresh (6ms)
				TypeCache.ScanAssembly (0ms)
			ScanForSourceGeneratedMonoScriptInfo (0ms)
			ResolveRequiredComponents (4ms)
	FinalizeReload (909ms)
		ReleaseScriptCaches (0ms)
		RebuildScriptCaches (0ms)
		SetupLoadedEditorAssemblies (450ms)
			LogAssemblyErrors (0ms)
			InitializePlatformSupportModulesInManaged (9ms)
			SetLoadedEditorAssemblies (5ms)
			RefreshPlugins (0ms)
			BeforeProcessingInitializeOnLoad (70ms)
			ProcessInitializeOnLoadAttributes (336ms)
			ProcessInitializeOnLoadMethodAttributes (23ms)
			AfterProcessingInitializeOnLoad (6ms)
			EditorAssembliesLoaded (0ms)
		ExecutionOrderSort2 (0ms)
		AwakeInstancesAfterBackupRestoration (8ms)
Refreshing native plugins compatible for Editor in 3.97 ms, found 3 plugins.
Preloading 0 native plugins for Editor in 0.00 ms.
Unloading 3082 Unused Serialized files (Serialized files now loaded: 0)
Unloading 14 unused Assets / (28.5 KB). Loaded Objects now: 3589.
Memory consumption went from 132.2 MB to 132.2 MB.
Total: 3.181100 ms (FindLiveObjects: 0.268400 ms CreateObjectMapping: 0.130000 ms MarkObjects: 2.705200 ms  DeleteObjects: 0.075500 ms)

Prepare: number of updated asset objects reloaded= 0
AssetImportParameters requested are different than current active one (requested -> active):
  custom:scripting/monoscript/fileName/DepthOfFieldDeprecated.cs: 8700a90d2d763e9c01f08a0cd128cca8 -> 
  custom:scripting/monoscript/fileName/CameraMotionBlur.cs: 458c2b6f90eeea041921d89083a79e55 -> 
  custom:scripting/monoscript/fileName/ColorCorrectionLookupEditor.cs: a2fb9e7138550e9aa0e0de2d21737d42 -> 
  custom:scripting/monoscript/fileName/TiltShift.cs: 13ff1d7342528fc14a2e194c2bdc09fb -> 
  custom:container-demuxer-ogg: 62fdf1f143b41e24485cea50d1cbac27 -> 
  custom:scripting/monoscript/fileName/ScreenSpaceAmbientOcclusion.cs: 42eb6963a5f738a978938eb937f58d78 -> 
  custom:scripting/monoscript/fileName/DepthOfFieldEditor.cs: a3868cd4e6c6aec7c31ee3ed2b09abe8 -> 
  custom:video-codec-MediaFoundation-h265: 746d11721c4dcdbdad8f713fa42b33f4 -> 
  custom:scripting/monoscript/fileName/NoiseAndGrainEditor.cs: 0276e69b6de7374aa913d893485a004e -> 
  custom:video-decoder-ogg-theora: a1e56fd34408186e4bbccfd4996cb3dc -> 
  custom:scripting/monoscript/fileName/SunShafts.cs: abee30526487200fa16387df850e7daf -> 
  custom:scripting/monoscript/fileName/MotionBlur.cs: 7d52f2ac2c90424481a38c8ec7edb91c -> 
  custom:framework-win-MediaFoundation: 216162199b28c13a410421893ffa2e32 -> 
  custom:scripting/monoscript/fileName/Grayscale.cs: 87671e23fd2948061f63e16eb704f3a3 -> 
  custom:scripting/monoscript/fileName/BlurOptimized.cs: a99dff34286593c12b0fab92e7c0da68 -> 
  custom:scripting/monoscript/fileName/CameraMotionBlurEditor.cs: 7c502cd6630e6f5609abadb3991d9ab2 -> 
  custom:scripting/monoscript/fileName/Quads.cs: 2f24050aded65dda899533ba7849a43c -> 
  custom:scripting/monoscript/fileName/Blur.cs: 16b33e375f19895ec61239c77165934f -> 
  custom:scripting/monoscript/fileName/DepthOfFieldDeprecatedEditor.cs: 9c0d6ba6950f727fa7ed1bfef973ec32 -> 
  custom:scripting/monoscript/fileName/ImageEffects.cs: fc49fae855f2f50655b411c31423a73d -> 
  custom:scripting/monoscript/fileName/PostEffectsBase.cs: 6aabc5a6e1a831a9196622d2796540be -> 
  custom:CustomObjectIndexerAttribute: 9a22284fe3817be447336de3de66b15e -> 
  custom:scripting/monoscript/fileName/ColorCorrectionLookup.cs: cdade6b297f1c116727fa6035591313f -> 
  custom:container-demuxer-webm: 4f35f7cbe854078d1ac9338744f61a02 -> 
  custom:scripting/monoscript/fileName/Triangles.cs: 64f7a3839fbac059155d5ec1d8597e9c -> 
  custom:scripting/monoscript/fileName/SunShaftsEditor.cs: 14ff19bb08f48e5592630a8ef09a85a4 -> 
  custom:scripting/monoscript/fileName/ContrastStretch.cs: 606dc0496a32ea6e71f97dc962793c28 -> 
  custom:scripting/monoscript/fileName/EdgeDetectionEditor.cs: 4cca3302e9c064dba4f706ba0e5d7102 -> 
  custom:container-muxer-webm: aa71ff27fc2769a1b78a27578f13a17b -> 
  custom:scripting/monoscript/fileName/ContrastEnhance.cs: 25207a33818c5454fd86fad73189b2cd -> 
  custom:video-decoder-webm-vp8: 9c59270c3fd7afecdb556c50c9e8de78 -> 
  custom:scripting/monoscript/fileName/PostEffectsHelper.cs: 5b0aade5ee85030099a328bfa56e17eb -> 
  custom:SearchIndexIgnoredProperties: e643bd26f0fe6173181afceb89e7c659 -> 
  custom:AudioImporter_EditorPlatform: d09bf68614088b80899f8185d706f6e7 -> 
  custom:scripting/monoscript/fileName/CreaseShading.cs: 5b17bf81bff982a9605309492401c574 -> 
  custom:scripting/monoscript/fileName/AntialiasingEditor.cs: cd1db322c4d4bac3e0fdd7740cc772c6 -> 
  custom:scripting/monoscript/fileName/Antialiasing.cs: bec6c7367bf7f3b527b25907b25d4102 -> 
  custom:scripting/monoscript/fileName/SepiaTone.cs: 67c7b044a145b042dba91a1a8d54f9f4 -> 
  custom:scripting/monoscript/fileName/ImageEffectBase.cs: 6d460e3d17a4175e44411c6923e62aed -> 
  custom:scripting/monoscript/fileName/NoiseAndGrain.cs: f4f7112c95c7474ffaf494b422803169 -> 
  custom:scripting/monoscript/fileName/BloomAndFlaresEditor.cs: 1f9e796d927ffcd86ccbfad6ec7007d5 -> 
  custom:scripting/monoscript/fileName/ScreenSpaceAmbientObscurance.cs: 958d0bf4e6842d24e3147fb5da01010e -> 
  custom:scripting/monoscript/fileName/CreaseShadingEditor.cs: 10fe90e5375fc621d9f19b702723dc86 -> 
  custom:scripting/monoscript/fileName/Fisheye.cs: ad168996bfc8fa7824e22ed9b5548fe9 -> 
  custom:scripting/monoscript/fileName/Twirl.cs: 13260c2451d9e72af8c2f232859ba959 -> 
  custom:scripting/monoscript/fileName/ScreenOverlay.cs: 8b6e368a4e3d0df848783015d0ee2b1e -> 
  custom:video-encoder-webm-vp8: eb34c28f22e8b96e1ab97ce403110664 -> 
  custom:scripting/monoscript/fileName/Bloom.cs: 33cd4fe5846ab030762c2d9a63dce329 -> 
  custom:audio-decoder-ogg-vorbis: bf7c407c2cedff20999df2af8eb42d56 -> 
  custom:scripting/monoscript/fileName/Vortex.cs: d2f7738ed789b7a977f000ffd0cf8890 -> 
  custom:scripting/monoscript/fileName/ColorCorrectionCurvesEditor.cs: ba8c98b45b2e94f575e6b8aff77cc447 -> 
  custom:scripting/monoscript/fileName/TonemappingEditor.cs: edac4117593cd8c316e847cfa4a2c184 -> 
  custom:scripting/monoscript/fileName/DepthOfField.cs: d3ca753d15782e18ed3483b3a0afd175 -> 
  custom:scripting/monoscript/fileName/BloomEditor.cs: 43b3df46b7cb2255d2c1c8dbcafea8dc -> 
  custom:scripting/monoscript/fileName/VignetteAndChromaticAberrationEditor.cs: de7480822b02f6e7bbb6e752b450d6c9 -> 
  custom:scripting/monoscript/fileName/BloomOptimized.cs: deef391a4062215fa64b13290b34b1e5 -> 
  custom:scripting/monoscript/fileName/BloomAndFlares.cs: 8afb5ea14b913734370925506b923fb7 -> 
  custom:scripting/monoscript/fileName/VignetteAndChromaticAberration.cs: 6f7816e6c6a96eb38e8b34a3171a3d7a -> 
  custom:scripting/monoscript/fileName/GlobalFog.cs: cec4a166fe83b304dd694da080c37c22 -> 
  custom:audio-encoder-webm-vorbis: bf7c407c2cedff20999df2af8eb42d56 -> 
  custom:scripting/monoscript/fileName/Tonemapping.cs: c9f290b3ad74cc49f26aca1f0af02743 -> 
  custom:scripting/monoscript/fileName/EdgeDetection.cs: 7e270773de6bd808e57f1eb909c3207a -> 
  custom:scripting/monoscript/fileName/ColorCorrectionCurves.cs: 0fe9ce599982e40ac8aba010733d7bdc -> 
  custom:scripting/monoscript/fileName/ColorCorrectionRamp.cs: a7e8fab02fd9ee3f41f3660b4752114a -> 
  custom:scripting/monoscript/fileName/NoiseAndScratches.cs: e0c1886d5a6b335ec4861c2068c91d03 -> 
========================================================================
Received Prepare
Caller must complete domain reload
Begin MonoManager ReloadAssembly
- Loaded All Assemblies, in  0.634 seconds
Native extension for WindowsStandalone target not found
Native extension for WebGL target not found
[Package Manager] Server::EnsureServerProcessIsRunning -- launch failed, reason: Unity was launched with the -noUpm command-line argument
[Package Manager] UpmClient::Send -- Unable to send message (not connected to UPM process).
[Package Manager] Cannot connect to Unity Package Manager local server
Mono: successfully reloaded assembly
- Finished resetting the current domain, in  1.178 seconds
Domain Reload Profiling: 1812ms
	BeginReloadAssembly (208ms)
		ExecutionOrderSort (0ms)
		DisableScriptedObjects (7ms)
		BackupInstance (0ms)
		ReleaseScriptingObjects (0ms)
		CreateAndSetChildDomain (60ms)
	RebuildCommonClasses (27ms)
	RebuildNativeTypeToScriptingClass (9ms)
	initialDomainReloadingComplete (25ms)
	LoadAllAssembliesAndSetupDomain (365ms)
		LoadAssemblies (436ms)
		RebuildTransferFunctionScriptingTraits (0ms)
		AnalyzeDomain (21ms)
			TypeCache.Refresh (10ms)
				TypeCache.ScanAssembly (0ms)
			ScanForSourceGeneratedMonoScriptInfo (0ms)
			ResolveRequiredComponents (9ms)
	FinalizeReload (1179ms)
		ReleaseScriptCaches (0ms)
		RebuildScriptCaches (0ms)
		SetupLoadedEditorAssemblies (505ms)
			LogAssemblyErrors (0ms)
			InitializePlatformSupportModulesInManaged (11ms)
			SetLoadedEditorAssemblies (4ms)
			RefreshPlugins (0ms)
			BeforeProcessingInitializeOnLoad (68ms)
			ProcessInitializeOnLoadAttributes (377ms)
			ProcessInitializeOnLoadMethodAttributes (37ms)
			AfterProcessingInitializeOnLoad (9ms)
			EditorAssembliesLoaded (1ms)
		ExecutionOrderSort2 (0ms)
		AwakeInstancesAfterBackupRestoration (9ms)
Refreshing native plugins compatible for Editor in 3.10 ms, found 3 plugins.
Preloading 0 native plugins for Editor in 0.00 ms.
Unloading 3083 Unused Serialized files (Serialized files now loaded: 0)
Unloading 14 unused Assets / (28.5 KB). Loaded Objects now: 3592.
Memory consumption went from 132.5 MB to 132.5 MB.
Total: 6.615400 ms (FindLiveObjects: 0.554900 ms CreateObjectMapping: 0.340000 ms MarkObjects: 5.618700 ms  DeleteObjects: 0.099200 ms)

Prepare: number of updated asset objects reloaded= 0
AssetImportParameters requested are different than current active one (requested -> active):
  custom:scripting/monoscript/fileName/DepthOfFieldDeprecated.cs: 8700a90d2d763e9c01f08a0cd128cca8 -> 
  custom:scripting/monoscript/fileName/CameraMotionBlur.cs: 458c2b6f90eeea041921d89083a79e55 -> 
  custom:scripting/monoscript/fileName/ColorCorrectionLookupEditor.cs: a2fb9e7138550e9aa0e0de2d21737d42 -> 
  custom:scripting/monoscript/fileName/TiltShift.cs: 13ff1d7342528fc14a2e194c2bdc09fb -> 
  custom:container-demuxer-ogg: 62fdf1f143b41e24485cea50d1cbac27 -> 
  custom:scripting/monoscript/fileName/ScreenSpaceAmbientOcclusion.cs: 42eb6963a5f738a978938eb937f58d78 -> 
  custom:scripting/monoscript/fileName/DepthOfFieldEditor.cs: a3868cd4e6c6aec7c31ee3ed2b09abe8 -> 
  custom:video-codec-MediaFoundation-h265: 746d11721c4dcdbdad8f713fa42b33f4 -> 
  custom:scripting/monoscript/fileName/NoiseAndGrainEditor.cs: 0276e69b6de7374aa913d893485a004e -> 
  custom:video-decoder-ogg-theora: a1e56fd34408186e4bbccfd4996cb3dc -> 
  custom:scripting/monoscript/fileName/SunShafts.cs: abee30526487200fa16387df850e7daf -> 
  custom:scripting/monoscript/fileName/MotionBlur.cs: 7d52f2ac2c90424481a38c8ec7edb91c -> 
  custom:framework-win-MediaFoundation: 216162199b28c13a410421893ffa2e32 -> 
  custom:scripting/monoscript/fileName/Grayscale.cs: 87671e23fd2948061f63e16eb704f3a3 -> 
  custom:scripting/monoscript/fileName/BlurOptimized.cs: a99dff34286593c12b0fab92e7c0da68 -> 
  custom:scripting/monoscript/fileName/CameraMotionBlurEditor.cs: 7c502cd6630e6f5609abadb3991d9ab2 -> 
  custom:scripting/monoscript/fileName/Quads.cs: 2f24050aded65dda899533ba7849a43c -> 
  custom:scripting/monoscript/fileName/Blur.cs: 16b33e375f19895ec61239c77165934f -> 
  custom:scripting/monoscript/fileName/DepthOfFieldDeprecatedEditor.cs: 9c0d6ba6950f727fa7ed1bfef973ec32 -> 
  custom:scripting/monoscript/fileName/ImageEffects.cs: fc49fae855f2f50655b411c31423a73d -> 
  custom:scripting/monoscript/fileName/PostEffectsBase.cs: 6aabc5a6e1a831a9196622d2796540be -> 
  custom:CustomObjectIndexerAttribute: 9a22284fe3817be447336de3de66b15e -> 
  custom:scripting/monoscript/fileName/ColorCorrectionLookup.cs: cdade6b297f1c116727fa6035591313f -> 
  custom:container-demuxer-webm: 4f35f7cbe854078d1ac9338744f61a02 -> 
  custom:scripting/monoscript/fileName/Triangles.cs: 64f7a3839fbac059155d5ec1d8597e9c -> 
  custom:scripting/monoscript/fileName/SunShaftsEditor.cs: 14ff19bb08f48e5592630a8ef09a85a4 -> 
  custom:scripting/monoscript/fileName/ContrastStretch.cs: 606dc0496a32ea6e71f97dc962793c28 -> 
  custom:scripting/monoscript/fileName/EdgeDetectionEditor.cs: 4cca3302e9c064dba4f706ba0e5d7102 -> 
  custom:container-muxer-webm: aa71ff27fc2769a1b78a27578f13a17b -> 
  custom:scripting/monoscript/fileName/ContrastEnhance.cs: 25207a33818c5454fd86fad73189b2cd -> 
  custom:video-decoder-webm-vp8: 9c59270c3fd7afecdb556c50c9e8de78 -> 
  custom:scripting/monoscript/fileName/PostEffectsHelper.cs: 5b0aade5ee85030099a328bfa56e17eb -> 
  custom:SearchIndexIgnoredProperties: e643bd26f0fe6173181afceb89e7c659 -> 
  custom:AudioImporter_EditorPlatform: d09bf68614088b80899f8185d706f6e7 -> 
  custom:scripting/monoscript/fileName/CreaseShading.cs: 5b17bf81bff982a9605309492401c574 -> 
  custom:scripting/monoscript/fileName/AntialiasingEditor.cs: cd1db322c4d4bac3e0fdd7740cc772c6 -> 
  custom:scripting/monoscript/fileName/Antialiasing.cs: bec6c7367bf7f3b527b25907b25d4102 -> 
  custom:scripting/monoscript/fileName/SepiaTone.cs: 67c7b044a145b042dba91a1a8d54f9f4 -> 
  custom:scripting/monoscript/fileName/ImageEffectBase.cs: 6d460e3d17a4175e44411c6923e62aed -> 
  custom:scripting/monoscript/fileName/NoiseAndGrain.cs: f4f7112c95c7474ffaf494b422803169 -> 
  custom:scripting/monoscript/fileName/BloomAndFlaresEditor.cs: 1f9e796d927ffcd86ccbfad6ec7007d5 -> 
  custom:scripting/monoscript/fileName/ScreenSpaceAmbientObscurance.cs: 958d0bf4e6842d24e3147fb5da01010e -> 
  custom:scripting/monoscript/fileName/CreaseShadingEditor.cs: 10fe90e5375fc621d9f19b702723dc86 -> 
  custom:scripting/monoscript/fileName/Fisheye.cs: ad168996bfc8fa7824e22ed9b5548fe9 -> 
  custom:scripting/monoscript/fileName/Twirl.cs: 13260c2451d9e72af8c2f232859ba959 -> 
  custom:scripting/monoscript/fileName/ScreenOverlay.cs: 8b6e368a4e3d0df848783015d0ee2b1e -> 
  custom:video-encoder-webm-vp8: eb34c28f22e8b96e1ab97ce403110664 -> 
  custom:scripting/monoscript/fileName/Bloom.cs: 33cd4fe5846ab030762c2d9a63dce329 -> 
  custom:audio-decoder-ogg-vorbis: bf7c407c2cedff20999df2af8eb42d56 -> 
  custom:scripting/monoscript/fileName/Vortex.cs: d2f7738ed789b7a977f000ffd0cf8890 -> 
  custom:scripting/monoscript/fileName/ColorCorrectionCurvesEditor.cs: ba8c98b45b2e94f575e6b8aff77cc447 -> 
  custom:scripting/monoscript/fileName/TonemappingEditor.cs: edac4117593cd8c316e847cfa4a2c184 -> 
  custom:scripting/monoscript/fileName/DepthOfField.cs: d3ca753d15782e18ed3483b3a0afd175 -> 
  custom:scripting/monoscript/fileName/BloomEditor.cs: 43b3df46b7cb2255d2c1c8dbcafea8dc -> 
  custom:scripting/monoscript/fileName/VignetteAndChromaticAberrationEditor.cs: de7480822b02f6e7bbb6e752b450d6c9 -> 
  custom:scripting/monoscript/fileName/BloomOptimized.cs: deef391a4062215fa64b13290b34b1e5 -> 
  custom:scripting/monoscript/fileName/BloomAndFlares.cs: 8afb5ea14b913734370925506b923fb7 -> 
  custom:scripting/monoscript/fileName/VignetteAndChromaticAberration.cs: 6f7816e6c6a96eb38e8b34a3171a3d7a -> 
  custom:scripting/monoscript/fileName/GlobalFog.cs: cec4a166fe83b304dd694da080c37c22 -> 
  custom:audio-encoder-webm-vorbis: bf7c407c2cedff20999df2af8eb42d56 -> 
  custom:scripting/monoscript/fileName/Tonemapping.cs: c9f290b3ad74cc49f26aca1f0af02743 -> 
  custom:scripting/monoscript/fileName/EdgeDetection.cs: 7e270773de6bd808e57f1eb909c3207a -> 
  custom:scripting/monoscript/fileName/ColorCorrectionCurves.cs: 0fe9ce599982e40ac8aba010733d7bdc -> 
  custom:scripting/monoscript/fileName/ColorCorrectionRamp.cs: a7e8fab02fd9ee3f41f3660b4752114a -> 
  custom:scripting/monoscript/fileName/NoiseAndScratches.cs: e0c1886d5a6b335ec4861c2068c91d03 -> 
========================================================================
Received Prepare
Caller must complete domain reload
Begin MonoManager ReloadAssembly
- Loaded All Assemblies, in  0.587 seconds
Native extension for WindowsStandalone target not found
Native extension for WebGL target not found
[Package Manager] Server::EnsureServerProcessIsRunning -- launch failed, reason: Unity was launched with the -noUpm command-line argument
[Package Manager] UpmClient::Send -- Unable to send message (not connected to UPM process).
[Package Manager] Cannot connect to Unity Package Manager local server
Mono: successfully reloaded assembly
- Finished resetting the current domain, in  0.859 seconds
Domain Reload Profiling: 1445ms
	BeginReloadAssembly (184ms)
		ExecutionOrderSort (0ms)
		DisableScriptedObjects (6ms)
		BackupInstance (0ms)
		ReleaseScriptingObjects (0ms)
		CreateAndSetChildDomain (41ms)
	RebuildCommonClasses (28ms)
	RebuildNativeTypeToScriptingClass (9ms)
	initialDomainReloadingComplete (25ms)
	LoadAllAssembliesAndSetupDomain (339ms)
		LoadAssemblies (428ms)
		RebuildTransferFunctionScriptingTraits (0ms)
		AnalyzeDomain (14ms)
			TypeCache.Refresh (8ms)
				TypeCache.ScanAssembly (0ms)
			ScanForSourceGeneratedMonoScriptInfo (0ms)
			ResolveRequiredComponents (5ms)
	FinalizeReload (860ms)
		ReleaseScriptCaches (0ms)
		RebuildScriptCaches (0ms)
		SetupLoadedEditorAssemblies (432ms)
			LogAssemblyErrors (0ms)
			InitializePlatformSupportModulesInManaged (7ms)
			SetLoadedEditorAssemblies (4ms)
			RefreshPlugins (0ms)
			BeforeProcessingInitializeOnLoad (56ms)
			ProcessInitializeOnLoadAttributes (338ms)
			ProcessInitializeOnLoadMethodAttributes (21ms)
			AfterProcessingInitializeOnLoad (6ms)
			EditorAssembliesLoaded (0ms)
		ExecutionOrderSort2 (0ms)
		AwakeInstancesAfterBackupRestoration (6ms)
Refreshing native plugins compatible for Editor in 3.01 ms, found 3 plugins.
Preloading 0 native plugins for Editor in 0.00 ms.
Unloading 3083 Unused Serialized files (Serialized files now loaded: 0)
Unloading 14 unused Assets / (28.5 KB). Loaded Objects now: 3595.
Memory consumption went from 132.5 MB to 132.5 MB.
Total: 3.191600 ms (FindLiveObjects: 0.504300 ms CreateObjectMapping: 0.207600 ms MarkObjects: 2.431200 ms  DeleteObjects: 0.047300 ms)

Prepare: number of updated asset objects reloaded= 0
AssetImportParameters requested are different than current active one (requested -> active):
  custom:scripting/monoscript/fileName/DepthOfFieldDeprecated.cs: 8700a90d2d763e9c01f08a0cd128cca8 -> 
  custom:scripting/monoscript/fileName/CameraMotionBlur.cs: 458c2b6f90eeea041921d89083a79e55 -> 
  custom:scripting/monoscript/fileName/ColorCorrectionLookupEditor.cs: a2fb9e7138550e9aa0e0de2d21737d42 -> 
  custom:scripting/monoscript/fileName/TiltShift.cs: 13ff1d7342528fc14a2e194c2bdc09fb -> 
  custom:container-demuxer-ogg: 62fdf1f143b41e24485cea50d1cbac27 -> 
  custom:scripting/monoscript/fileName/ScreenSpaceAmbientOcclusion.cs: 42eb6963a5f738a978938eb937f58d78 -> 
  custom:scripting/monoscript/fileName/DepthOfFieldEditor.cs: a3868cd4e6c6aec7c31ee3ed2b09abe8 -> 
  custom:video-codec-MediaFoundation-h265: 746d11721c4dcdbdad8f713fa42b33f4 -> 
  custom:scripting/monoscript/fileName/NoiseAndGrainEditor.cs: 0276e69b6de7374aa913d893485a004e -> 
  custom:video-decoder-ogg-theora: a1e56fd34408186e4bbccfd4996cb3dc -> 
  custom:scripting/monoscript/fileName/SunShafts.cs: abee30526487200fa16387df850e7daf -> 
  custom:scripting/monoscript/fileName/MotionBlur.cs: 7d52f2ac2c90424481a38c8ec7edb91c -> 
  custom:framework-win-MediaFoundation: 216162199b28c13a410421893ffa2e32 -> 
  custom:scripting/monoscript/fileName/Grayscale.cs: 87671e23fd2948061f63e16eb704f3a3 -> 
  custom:scripting/monoscript/fileName/BlurOptimized.cs: a99dff34286593c12b0fab92e7c0da68 -> 
  custom:scripting/monoscript/fileName/CameraMotionBlurEditor.cs: 7c502cd6630e6f5609abadb3991d9ab2 -> 
  custom:scripting/monoscript/fileName/Quads.cs: 2f24050aded65dda899533ba7849a43c -> 
  custom:scripting/monoscript/fileName/Blur.cs: 16b33e375f19895ec61239c77165934f -> 
  custom:scripting/monoscript/fileName/DepthOfFieldDeprecatedEditor.cs: 9c0d6ba6950f727fa7ed1bfef973ec32 -> 
  custom:scripting/monoscript/fileName/ImageEffects.cs: fc49fae855f2f50655b411c31423a73d -> 
  custom:scripting/monoscript/fileName/PostEffectsBase.cs: 6aabc5a6e1a831a9196622d2796540be -> 
  custom:CustomObjectIndexerAttribute: 9a22284fe3817be447336de3de66b15e -> 
  custom:scripting/monoscript/fileName/ColorCorrectionLookup.cs: cdade6b297f1c116727fa6035591313f -> 
  custom:container-demuxer-webm: 4f35f7cbe854078d1ac9338744f61a02 -> 
  custom:scripting/monoscript/fileName/Triangles.cs: 64f7a3839fbac059155d5ec1d8597e9c -> 
  custom:scripting/monoscript/fileName/SunShaftsEditor.cs: 14ff19bb08f48e5592630a8ef09a85a4 -> 
  custom:scripting/monoscript/fileName/ContrastStretch.cs: 606dc0496a32ea6e71f97dc962793c28 -> 
  custom:scripting/monoscript/fileName/EdgeDetectionEditor.cs: 4cca3302e9c064dba4f706ba0e5d7102 -> 
  custom:container-muxer-webm: aa71ff27fc2769a1b78a27578f13a17b -> 
  custom:scripting/monoscript/fileName/ContrastEnhance.cs: 25207a33818c5454fd86fad73189b2cd -> 
  custom:video-decoder-webm-vp8: 9c59270c3fd7afecdb556c50c9e8de78 -> 
  custom:scripting/monoscript/fileName/PostEffectsHelper.cs: 5b0aade5ee85030099a328bfa56e17eb -> 
  custom:SearchIndexIgnoredProperties: e643bd26f0fe6173181afceb89e7c659 -> 
  custom:AudioImporter_EditorPlatform: d09bf68614088b80899f8185d706f6e7 -> 
  custom:scripting/monoscript/fileName/CreaseShading.cs: 5b17bf81bff982a9605309492401c574 -> 
  custom:scripting/monoscript/fileName/AntialiasingEditor.cs: cd1db322c4d4bac3e0fdd7740cc772c6 -> 
  custom:scripting/monoscript/fileName/Antialiasing.cs: bec6c7367bf7f3b527b25907b25d4102 -> 
  custom:scripting/monoscript/fileName/SepiaTone.cs: 67c7b044a145b042dba91a1a8d54f9f4 -> 
  custom:scripting/monoscript/fileName/ImageEffectBase.cs: 6d460e3d17a4175e44411c6923e62aed -> 
  custom:scripting/monoscript/fileName/NoiseAndGrain.cs: f4f7112c95c7474ffaf494b422803169 -> 
  custom:scripting/monoscript/fileName/BloomAndFlaresEditor.cs: 1f9e796d927ffcd86ccbfad6ec7007d5 -> 
  custom:scripting/monoscript/fileName/ScreenSpaceAmbientObscurance.cs: 958d0bf4e6842d24e3147fb5da01010e -> 
  custom:scripting/monoscript/fileName/CreaseShadingEditor.cs: 10fe90e5375fc621d9f19b702723dc86 -> 
  custom:scripting/monoscript/fileName/Fisheye.cs: ad168996bfc8fa7824e22ed9b5548fe9 -> 
  custom:scripting/monoscript/fileName/Twirl.cs: 13260c2451d9e72af8c2f232859ba959 -> 
  custom:scripting/monoscript/fileName/ScreenOverlay.cs: 8b6e368a4e3d0df848783015d0ee2b1e -> 
  custom:video-encoder-webm-vp8: eb34c28f22e8b96e1ab97ce403110664 -> 
  custom:scripting/monoscript/fileName/Bloom.cs: 33cd4fe5846ab030762c2d9a63dce329 -> 
  custom:audio-decoder-ogg-vorbis: bf7c407c2cedff20999df2af8eb42d56 -> 
  custom:scripting/monoscript/fileName/Vortex.cs: d2f7738ed789b7a977f000ffd0cf8890 -> 
  custom:scripting/monoscript/fileName/ColorCorrectionCurvesEditor.cs: ba8c98b45b2e94f575e6b8aff77cc447 -> 
  custom:scripting/monoscript/fileName/TonemappingEditor.cs: edac4117593cd8c316e847cfa4a2c184 -> 
  custom:scripting/monoscript/fileName/DepthOfField.cs: d3ca753d15782e18ed3483b3a0afd175 -> 
  custom:scripting/monoscript/fileName/BloomEditor.cs: 43b3df46b7cb2255d2c1c8dbcafea8dc -> 
  custom:scripting/monoscript/fileName/VignetteAndChromaticAberrationEditor.cs: de7480822b02f6e7bbb6e752b450d6c9 -> 
  custom:scripting/monoscript/fileName/BloomOptimized.cs: deef391a4062215fa64b13290b34b1e5 -> 
  custom:scripting/monoscript/fileName/BloomAndFlares.cs: 8afb5ea14b913734370925506b923fb7 -> 
  custom:scripting/monoscript/fileName/VignetteAndChromaticAberration.cs: 6f7816e6c6a96eb38e8b34a3171a3d7a -> 
  custom:scripting/monoscript/fileName/GlobalFog.cs: cec4a166fe83b304dd694da080c37c22 -> 
  custom:audio-encoder-webm-vorbis: bf7c407c2cedff20999df2af8eb42d56 -> 
  custom:scripting/monoscript/fileName/Tonemapping.cs: c9f290b3ad74cc49f26aca1f0af02743 -> 
  custom:scripting/monoscript/fileName/EdgeDetection.cs: 7e270773de6bd808e57f1eb909c3207a -> 
  custom:scripting/monoscript/fileName/ColorCorrectionCurves.cs: 0fe9ce599982e40ac8aba010733d7bdc -> 
  custom:scripting/monoscript/fileName/ColorCorrectionRamp.cs: a7e8fab02fd9ee3f41f3660b4752114a -> 
  custom:scripting/monoscript/fileName/NoiseAndScratches.cs: e0c1886d5a6b335ec4861c2068c91d03 -> 
========================================================================
Received Prepare
Caller must complete domain reload
Begin MonoManager ReloadAssembly
- Loaded All Assemblies, in  0.972 seconds
Native extension for WindowsStandalone target not found
Native extension for WebGL target not found
[Package Manager] Server::EnsureServerProcessIsRunning -- launch failed, reason: Unity was launched with the -noUpm command-line argument
[Package Manager] UpmClient::Send -- Unable to send message (not connected to UPM process).
[Package Manager] Cannot connect to Unity Package Manager local server
Mono: successfully reloaded assembly
- Finished resetting the current domain, in  1.991 seconds
Domain Reload Profiling: 2961ms
	BeginReloadAssembly (227ms)
		ExecutionOrderSort (0ms)
		DisableScriptedObjects (5ms)
		BackupInstance (0ms)
		ReleaseScriptingObjects (0ms)
		CreateAndSetChildDomain (50ms)
	RebuildCommonClasses (59ms)
	RebuildNativeTypeToScriptingClass (22ms)
	initialDomainReloadingComplete (73ms)
	LoadAllAssembliesAndSetupDomain (589ms)
		LoadAssemblies (502ms)
		RebuildTransferFunctionScriptingTraits (0ms)
		AnalyzeDomain (217ms)
			TypeCache.Refresh (119ms)
				TypeCache.ScanAssembly (1ms)
			ScanForSourceGeneratedMonoScriptInfo (63ms)
			ResolveRequiredComponents (30ms)
	FinalizeReload (1992ms)
		ReleaseScriptCaches (0ms)
		RebuildScriptCaches (0ms)
		SetupLoadedEditorAssemblies (468ms)
			LogAssemblyErrors (0ms)
			InitializePlatformSupportModulesInManaged (21ms)
			SetLoadedEditorAssemblies (15ms)
			RefreshPlugins (0ms)
			BeforeProcessingInitializeOnLoad (73ms)
			ProcessInitializeOnLoadAttributes (326ms)
			ProcessInitializeOnLoadMethodAttributes (26ms)
			AfterProcessingInitializeOnLoad (6ms)
			EditorAssembliesLoaded (0ms)
		ExecutionOrderSort2 (0ms)
		AwakeInstancesAfterBackupRestoration (8ms)
Refreshing native plugins compatible for Editor in 3.23 ms, found 3 plugins.
Preloading 0 native plugins for Editor in 0.00 ms.
Unloading 3084 Unused Serialized files (Serialized files now loaded: 0)
Unloading 14 unused Assets / (28.6 KB). Loaded Objects now: 3599.
Memory consumption went from 132.5 MB to 132.5 MB.
Total: 3.298000 ms (FindLiveObjects: 0.236200 ms CreateObjectMapping: 0.067800 ms MarkObjects: 2.937300 ms  DeleteObjects: 0.054800 ms)

Prepare: number of updated asset objects reloaded= 0
AssetImportParameters requested are different than current active one (requested -> active):
  custom:scripting/monoscript/fileName/DepthOfFieldDeprecated.cs: 8700a90d2d763e9c01f08a0cd128cca8 -> 
  custom:scripting/monoscript/fileName/CameraMotionBlur.cs: 458c2b6f90eeea041921d89083a79e55 -> 
  custom:scripting/monoscript/fileName/ColorCorrectionLookupEditor.cs: a2fb9e7138550e9aa0e0de2d21737d42 -> 
  custom:scripting/monoscript/fileName/TiltShift.cs: 13ff1d7342528fc14a2e194c2bdc09fb -> 
  custom:container-demuxer-ogg: 62fdf1f143b41e24485cea50d1cbac27 -> 
  custom:scripting/monoscript/fileName/ScreenSpaceAmbientOcclusion.cs: 42eb6963a5f738a978938eb937f58d78 -> 
  custom:scripting/monoscript/fileName/DepthOfFieldEditor.cs: a3868cd4e6c6aec7c31ee3ed2b09abe8 -> 
  custom:video-codec-MediaFoundation-h265: 746d11721c4dcdbdad8f713fa42b33f4 -> 
  custom:scripting/monoscript/fileName/NoiseAndGrainEditor.cs: 0276e69b6de7374aa913d893485a004e -> 
  custom:video-decoder-ogg-theora: a1e56fd34408186e4bbccfd4996cb3dc -> 
  custom:scripting/monoscript/fileName/SunShafts.cs: abee30526487200fa16387df850e7daf -> 
  custom:scripting/monoscript/fileName/MotionBlur.cs: 7d52f2ac2c90424481a38c8ec7edb91c -> 
  custom:scripting/monoscript/fileName/Camara.cs: f92f0cf4e34305c30fc65702a2ad1384 -> 
  custom:framework-win-MediaFoundation: 216162199b28c13a410421893ffa2e32 -> 
  custom:scripting/monoscript/fileName/Grayscale.cs: 87671e23fd2948061f63e16eb704f3a3 -> 
  custom:scripting/monoscript/fileName/BlurOptimized.cs: a99dff34286593c12b0fab92e7c0da68 -> 
  custom:scripting/monoscript/fileName/CameraMotionBlurEditor.cs: 7c502cd6630e6f5609abadb3991d9ab2 -> 
  custom:scripting/monoscript/fileName/Quads.cs: 2f24050aded65dda899533ba7849a43c -> 
  custom:scripting/monoscript/fileName/Blur.cs: 16b33e375f19895ec61239c77165934f -> 
  custom:scripting/monoscript/fileName/DepthOfFieldDeprecatedEditor.cs: 9c0d6ba6950f727fa7ed1bfef973ec32 -> 
  custom:scripting/monoscript/fileName/ImageEffects.cs: fc49fae855f2f50655b411c31423a73d -> 
  custom:scripting/monoscript/fileName/PostEffectsBase.cs: 6aabc5a6e1a831a9196622d2796540be -> 
  custom:CustomObjectIndexerAttribute: 9a22284fe3817be447336de3de66b15e -> 
  custom:scripting/monoscript/fileName/ColorCorrectionLookup.cs: cdade6b297f1c116727fa6035591313f -> 
  custom:container-demuxer-webm: 4f35f7cbe854078d1ac9338744f61a02 -> 
  custom:scripting/monoscript/fileName/Triangles.cs: 64f7a3839fbac059155d5ec1d8597e9c -> 
  custom:scripting/monoscript/fileName/SunShaftsEditor.cs: 14ff19bb08f48e5592630a8ef09a85a4 -> 
  custom:scripting/monoscript/fileName/ContrastStretch.cs: 606dc0496a32ea6e71f97dc962793c28 -> 
  custom:scripting/monoscript/fileName/EdgeDetectionEditor.cs: 4cca3302e9c064dba4f706ba0e5d7102 -> 
  custom:container-muxer-webm: aa71ff27fc2769a1b78a27578f13a17b -> 
  custom:scripting/monoscript/fileName/ContrastEnhance.cs: 25207a33818c5454fd86fad73189b2cd -> 
  custom:video-decoder-webm-vp8: 9c59270c3fd7afecdb556c50c9e8de78 -> 
  custom:scripting/monoscript/fileName/PostEffectsHelper.cs: 5b0aade5ee85030099a328bfa56e17eb -> 
  custom:SearchIndexIgnoredProperties: e643bd26f0fe6173181afceb89e7c659 -> 
  custom:AudioImporter_EditorPlatform: d09bf68614088b80899f8185d706f6e7 -> 
  custom:scripting/monoscript/fileName/CreaseShading.cs: 5b17bf81bff982a9605309492401c574 -> 
  custom:scripting/monoscript/fileName/AntialiasingEditor.cs: cd1db322c4d4bac3e0fdd7740cc772c6 -> 
  custom:scripting/monoscript/fileName/Antialiasing.cs: bec6c7367bf7f3b527b25907b25d4102 -> 
  custom:scripting/monoscript/fileName/SepiaTone.cs: 67c7b044a145b042dba91a1a8d54f9f4 -> 
  custom:scripting/monoscript/fileName/ImageEffectBase.cs: 6d460e3d17a4175e44411c6923e62aed -> 
  custom:scripting/monoscript/fileName/NoiseAndGrain.cs: f4f7112c95c7474ffaf494b422803169 -> 
  custom:scripting/monoscript/fileName/BloomAndFlaresEditor.cs: 1f9e796d927ffcd86ccbfad6ec7007d5 -> 
  custom:scripting/monoscript/fileName/ScreenSpaceAmbientObscurance.cs: 958d0bf4e6842d24e3147fb5da01010e -> 
  custom:scripting/monoscript/fileName/CreaseShadingEditor.cs: 10fe90e5375fc621d9f19b702723dc86 -> 
  custom:scripting/monoscript/fileName/Fisheye.cs: ad168996bfc8fa7824e22ed9b5548fe9 -> 
  custom:scripting/monoscript/fileName/Twirl.cs: 13260c2451d9e72af8c2f232859ba959 -> 
  custom:scripting/monoscript/fileName/ScreenOverlay.cs: 8b6e368a4e3d0df848783015d0ee2b1e -> 
  custom:video-encoder-webm-vp8: eb34c28f22e8b96e1ab97ce403110664 -> 
  custom:scripting/monoscript/fileName/Bloom.cs: 33cd4fe5846ab030762c2d9a63dce329 -> 
  custom:audio-decoder-ogg-vorbis: bf7c407c2cedff20999df2af8eb42d56 -> 
  custom:scripting/monoscript/fileName/Vortex.cs: d2f7738ed789b7a977f000ffd0cf8890 -> 
  custom:scripting/monoscript/fileName/ColorCorrectionCurvesEditor.cs: ba8c98b45b2e94f575e6b8aff77cc447 -> 
  custom:scripting/monoscript/fileName/TonemappingEditor.cs: edac4117593cd8c316e847cfa4a2c184 -> 
  custom:scripting/monoscript/fileName/DepthOfField.cs: d3ca753d15782e18ed3483b3a0afd175 -> 
  custom:scripting/monoscript/fileName/BloomEditor.cs: 43b3df46b7cb2255d2c1c8dbcafea8dc -> 
  custom:scripting/monoscript/fileName/VignetteAndChromaticAberrationEditor.cs: de7480822b02f6e7bbb6e752b450d6c9 -> 
  custom:scripting/monoscript/fileName/BloomOptimized.cs: deef391a4062215fa64b13290b34b1e5 -> 
  custom:scripting/monoscript/fileName/BloomAndFlares.cs: 8afb5ea14b913734370925506b923fb7 -> 
  custom:scripting/monoscript/fileName/VignetteAndChromaticAberration.cs: 6f7816e6c6a96eb38e8b34a3171a3d7a -> 
  custom:scripting/monoscript/fileName/GlobalFog.cs: cec4a166fe83b304dd694da080c37c22 -> 
  custom:audio-encoder-webm-vorbis: bf7c407c2cedff20999df2af8eb42d56 -> 
  custom:scripting/monoscript/fileName/Tonemapping.cs: c9f290b3ad74cc49f26aca1f0af02743 -> 
  custom:scripting/monoscript/fileName/EdgeDetection.cs: 7e270773de6bd808e57f1eb909c3207a -> 
  custom:scripting/monoscript/fileName/ColorCorrectionCurves.cs: 0fe9ce599982e40ac8aba010733d7bdc -> 
  custom:scripting/precompiled-assembly-types:Assembly-CSharp: f2e365470f6f4d6e9373d4eca126b317 -> bfeb5e00976540fd6fdc60a8e5f56d52
  custom:scripting/monoscript/fileName/ColorCorrectionRamp.cs: a7e8fab02fd9ee3f41f3660b4752114a -> 
  custom:scripting/monoscript/fileName/NoiseAndScratches.cs: e0c1886d5a6b335ec4861c2068c91d03 -> 
========================================================================
Received Prepare
Caller must complete domain reload
Begin MonoManager ReloadAssembly
- Loaded All Assemblies, in  0.514 seconds
Native extension for WindowsStandalone target not found
Native extension for WebGL target not found
[Package Manager] Server::EnsureServerProcessIsRunning -- launch failed, reason: Unity was launched with the -noUpm command-line argument
[Package Manager] UpmClient::Send -- Unable to send message (not connected to UPM process).
[Package Manager] Cannot connect to Unity Package Manager local server
Mono: successfully reloaded assembly
- Finished resetting the current domain, in  0.861 seconds
Domain Reload Profiling: 1372ms
	BeginReloadAssembly (162ms)
		ExecutionOrderSort (0ms)
		DisableScriptedObjects (5ms)
		BackupInstance (0ms)
		ReleaseScriptingObjects (0ms)
		CreateAndSetChildDomain (35ms)
	RebuildCommonClasses (34ms)
	RebuildNativeTypeToScriptingClass (15ms)
	initialDomainReloadingComplete (33ms)
	LoadAllAssembliesAndSetupDomain (267ms)
		LoadAssemblies (333ms)
		RebuildTransferFunctionScriptingTraits (0ms)
		AnalyzeDomain (22ms)
			TypeCache.Refresh (8ms)
				TypeCache.ScanAssembly (0ms)
			ScanForSourceGeneratedMonoScriptInfo (7ms)
			ResolveRequiredComponents (5ms)
	FinalizeReload (861ms)
		ReleaseScriptCaches (0ms)
		RebuildScriptCaches (0ms)
		SetupLoadedEditorAssemblies (383ms)
			LogAssemblyErrors (0ms)
			InitializePlatformSupportModulesInManaged (7ms)
			SetLoadedEditorAssemblies (4ms)
			RefreshPlugins (0ms)
			BeforeProcessingInitializeOnLoad (59ms)
			ProcessInitializeOnLoadAttributes (288ms)
			ProcessInitializeOnLoadMethodAttributes (19ms)
			AfterProcessingInitializeOnLoad (6ms)
			EditorAssembliesLoaded (0ms)
		ExecutionOrderSort2 (0ms)
		AwakeInstancesAfterBackupRestoration (7ms)
Refreshing native plugins compatible for Editor in 3.79 ms, found 3 plugins.
Preloading 0 native plugins for Editor in 0.00 ms.
Unloading 3084 Unused Serialized files (Serialized files now loaded: 0)
Unloading 14 unused Assets / (28.6 KB). Loaded Objects now: 3602.
Memory consumption went from 132.5 MB to 132.5 MB.
Total: 2.905100 ms (FindLiveObjects: 0.498000 ms CreateObjectMapping: 0.129600 ms MarkObjects: 2.222600 ms  DeleteObjects: 0.053300 ms)

Prepare: number of updated asset objects reloaded= 0
AssetImportParameters requested are different than current active one (requested -> active):
  custom:scripting/monoscript/fileName/DepthOfFieldDeprecated.cs: 8700a90d2d763e9c01f08a0cd128cca8 -> 
  custom:scripting/monoscript/fileName/CameraMotionBlur.cs: 458c2b6f90eeea041921d89083a79e55 -> 
  custom:scripting/monoscript/fileName/ColorCorrectionLookupEditor.cs: a2fb9e7138550e9aa0e0de2d21737d42 -> 
  custom:scripting/monoscript/fileName/TiltShift.cs: 13ff1d7342528fc14a2e194c2bdc09fb -> 
  custom:container-demuxer-ogg: 62fdf1f143b41e24485cea50d1cbac27 -> 
  custom:scripting/monoscript/fileName/ScreenSpaceAmbientOcclusion.cs: 42eb6963a5f738a978938eb937f58d78 -> 
  custom:scripting/monoscript/fileName/DepthOfFieldEditor.cs: a3868cd4e6c6aec7c31ee3ed2b09abe8 -> 
  custom:video-codec-MediaFoundation-h265: 746d11721c4dcdbdad8f713fa42b33f4 -> 
  custom:scripting/monoscript/fileName/NoiseAndGrainEditor.cs: 0276e69b6de7374aa913d893485a004e -> 
  custom:video-decoder-ogg-theora: a1e56fd34408186e4bbccfd4996cb3dc -> 
  custom:scripting/monoscript/fileName/SunShafts.cs: abee30526487200fa16387df850e7daf -> 
  custom:scripting/monoscript/fileName/MotionBlur.cs: 7d52f2ac2c90424481a38c8ec7edb91c -> 
  custom:scripting/monoscript/fileName/Camara.cs: f92f0cf4e34305c30fc65702a2ad1384 -> 
  custom:framework-win-MediaFoundation: 216162199b28c13a410421893ffa2e32 -> 
  custom:scripting/monoscript/fileName/Grayscale.cs: 87671e23fd2948061f63e16eb704f3a3 -> 
  custom:scripting/monoscript/fileName/BlurOptimized.cs: a99dff34286593c12b0fab92e7c0da68 -> 
  custom:scripting/monoscript/fileName/CameraMotionBlurEditor.cs: 7c502cd6630e6f5609abadb3991d9ab2 -> 
  custom:scripting/monoscript/fileName/Quads.cs: 2f24050aded65dda899533ba7849a43c -> 
  custom:scripting/monoscript/fileName/Blur.cs: 16b33e375f19895ec61239c77165934f -> 
  custom:scripting/monoscript/fileName/DepthOfFieldDeprecatedEditor.cs: 9c0d6ba6950f727fa7ed1bfef973ec32 -> 
  custom:scripting/monoscript/fileName/ImageEffects.cs: fc49fae855f2f50655b411c31423a73d -> 
  custom:scripting/monoscript/fileName/PostEffectsBase.cs: 6aabc5a6e1a831a9196622d2796540be -> 
  custom:CustomObjectIndexerAttribute: 9a22284fe3817be447336de3de66b15e -> 
  custom:scripting/monoscript/fileName/ColorCorrectionLookup.cs: cdade6b297f1c116727fa6035591313f -> 
  custom:container-demuxer-webm: 4f35f7cbe854078d1ac9338744f61a02 -> 
  custom:scripting/monoscript/fileName/Triangles.cs: 64f7a3839fbac059155d5ec1d8597e9c -> 
  custom:scripting/monoscript/fileName/SunShaftsEditor.cs: 14ff19bb08f48e5592630a8ef09a85a4 -> 
  custom:scripting/monoscript/fileName/ContrastStretch.cs: 606dc0496a32ea6e71f97dc962793c28 -> 
  custom:scripting/monoscript/fileName/EdgeDetectionEditor.cs: 4cca3302e9c064dba4f706ba0e5d7102 -> 
  custom:container-muxer-webm: aa71ff27fc2769a1b78a27578f13a17b -> 
  custom:scripting/monoscript/fileName/ContrastEnhance.cs: 25207a33818c5454fd86fad73189b2cd -> 
  custom:video-decoder-webm-vp8: 9c59270c3fd7afecdb556c50c9e8de78 -> 
  custom:scripting/monoscript/fileName/PostEffectsHelper.cs: 5b0aade5ee85030099a328bfa56e17eb -> 
  custom:SearchIndexIgnoredProperties: e643bd26f0fe6173181afceb89e7c659 -> 
  custom:AudioImporter_EditorPlatform: d09bf68614088b80899f8185d706f6e7 -> 
  custom:scripting/monoscript/fileName/CreaseShading.cs: 5b17bf81bff982a9605309492401c574 -> 
  custom:scripting/monoscript/fileName/AntialiasingEditor.cs: cd1db322c4d4bac3e0fdd7740cc772c6 -> 
  custom:scripting/monoscript/fileName/Antialiasing.cs: bec6c7367bf7f3b527b25907b25d4102 -> 
  custom:scripting/monoscript/fileName/SepiaTone.cs: 67c7b044a145b042dba91a1a8d54f9f4 -> 
  custom:scripting/monoscript/fileName/ImageEffectBase.cs: 6d460e3d17a4175e44411c6923e62aed -> 
  custom:scripting/monoscript/fileName/NoiseAndGrain.cs: f4f7112c95c7474ffaf494b422803169 -> 
  custom:scripting/monoscript/fileName/BloomAndFlaresEditor.cs: 1f9e796d927ffcd86ccbfad6ec7007d5 -> 
  custom:scripting/monoscript/fileName/ScreenSpaceAmbientObscurance.cs: 958d0bf4e6842d24e3147fb5da01010e -> 
  custom:scripting/monoscript/fileName/CreaseShadingEditor.cs: 10fe90e5375fc621d9f19b702723dc86 -> 
  custom:scripting/monoscript/fileName/Fisheye.cs: ad168996bfc8fa7824e22ed9b5548fe9 -> 
  custom:scripting/monoscript/fileName/Twirl.cs: 13260c2451d9e72af8c2f232859ba959 -> 
  custom:scripting/monoscript/fileName/ScreenOverlay.cs: 8b6e368a4e3d0df848783015d0ee2b1e -> 
  custom:video-encoder-webm-vp8: eb34c28f22e8b96e1ab97ce403110664 -> 
  custom:scripting/monoscript/fileName/Bloom.cs: 33cd4fe5846ab030762c2d9a63dce329 -> 
  custom:audio-decoder-ogg-vorbis: bf7c407c2cedff20999df2af8eb42d56 -> 
  custom:scripting/monoscript/fileName/Vortex.cs: d2f7738ed789b7a977f000ffd0cf8890 -> 
  custom:scripting/monoscript/fileName/ColorCorrectionCurvesEditor.cs: ba8c98b45b2e94f575e6b8aff77cc447 -> 
  custom:scripting/monoscript/fileName/TonemappingEditor.cs: edac4117593cd8c316e847cfa4a2c184 -> 
  custom:scripting/monoscript/fileName/DepthOfField.cs: d3ca753d15782e18ed3483b3a0afd175 -> 
  custom:scripting/monoscript/fileName/BloomEditor.cs: 43b3df46b7cb2255d2c1c8dbcafea8dc -> 
  custom:scripting/monoscript/fileName/VignetteAndChromaticAberrationEditor.cs: de7480822b02f6e7bbb6e752b450d6c9 -> 
  custom:scripting/monoscript/fileName/BloomOptimized.cs: deef391a4062215fa64b13290b34b1e5 -> 
  custom:scripting/monoscript/fileName/BloomAndFlares.cs: 8afb5ea14b913734370925506b923fb7 -> 
  custom:scripting/monoscript/fileName/VignetteAndChromaticAberration.cs: 6f7816e6c6a96eb38e8b34a3171a3d7a -> 
  custom:scripting/monoscript/fileName/GlobalFog.cs: cec4a166fe83b304dd694da080c37c22 -> 
  custom:audio-encoder-webm-vorbis: bf7c407c2cedff20999df2af8eb42d56 -> 
  custom:scripting/monoscript/fileName/Tonemapping.cs: c9f290b3ad74cc49f26aca1f0af02743 -> 
  custom:scripting/monoscript/fileName/EdgeDetection.cs: 7e270773de6bd808e57f1eb909c3207a -> 
  custom:scripting/monoscript/fileName/ColorCorrectionCurves.cs: 0fe9ce599982e40ac8aba010733d7bdc -> 
  custom:scripting/precompiled-assembly-types:Assembly-CSharp: f2e365470f6f4d6e9373d4eca126b317 -> bfeb5e00976540fd6fdc60a8e5f56d52
  custom:scripting/monoscript/fileName/ColorCorrectionRamp.cs: a7e8fab02fd9ee3f41f3660b4752114a -> 
  custom:scripting/monoscript/fileName/NoiseAndScratches.cs: e0c1886d5a6b335ec4861c2068c91d03 -> 
========================================================================
Received Import Request.
  Time since last request: 1309.043286 seconds.
  path: Assets/MovimientoJugador.cs
  artifactKey: Guid(3fcd8b0f67b9e3e4f96d410f95e6c547) Importer(815301076,1909f56bfc062723c751e8b465ee728b)
Start importing Assets/MovimientoJugador.cs using Guid(3fcd8b0f67b9e3e4f96d410f95e6c547) Importer(815301076,1909f56bfc062723c751e8b465ee728b) [PhysX] Initialized MultithreadedTaskDispatcher with 12 workers.
 -> (artifact id: 'f8d0bc5025dc152a8c14ab5e08ab858c') in 0.012507 seconds
Number of updated asset objects reloaded before import = 0
Number of asset objects unloaded after import = 0
========================================================================
Received Prepare
Caller must complete domain reload
Begin MonoManager ReloadAssembly
- Loaded All Assemblies, in  0.430 seconds
Native extension for WindowsStandalone target not found
Native extension for WebGL target not found
[Package Manager] Server::EnsureServerProcessIsRunning -- launch failed, reason: Unity was launched with the -noUpm command-line argument
[Package Manager] UpmClient::Send -- Unable to send message (not connected to UPM process).
[Package Manager] Cannot connect to Unity Package Manager local server
Mono: successfully reloaded assembly
- Finished resetting the current domain, in  0.915 seconds
Domain Reload Profiling: 1343ms
	BeginReloadAssembly (155ms)
		ExecutionOrderSort (0ms)
		DisableScriptedObjects (5ms)
		BackupInstance (0ms)
		ReleaseScriptingObjects (0ms)
		CreateAndSetChildDomain (35ms)
	RebuildCommonClasses (36ms)
	RebuildNativeTypeToScriptingClass (14ms)
	initialDomainReloadingComplete (24ms)
	LoadAllAssembliesAndSetupDomain (198ms)
		LoadAssemblies (267ms)
		RebuildTransferFunctionScriptingTraits (0ms)
		AnalyzeDomain (14ms)
			TypeCache.Refresh (6ms)
				TypeCache.ScanAssembly (0ms)
			ScanForSourceGeneratedMonoScriptInfo (0ms)
			ResolveRequiredComponents (5ms)
	FinalizeReload (916ms)
		ReleaseScriptCaches (0ms)
		RebuildScriptCaches (0ms)
		SetupLoadedEditorAssemblies (462ms)
			LogAssemblyErrors (0ms)
			InitializePlatformSupportModulesInManaged (9ms)
			SetLoadedEditorAssemblies (4ms)
			RefreshPlugins (0ms)
			BeforeProcessingInitializeOnLoad (66ms)
			ProcessInitializeOnLoadAttributes (353ms)
			ProcessInitializeOnLoadMethodAttributes (23ms)
			AfterProcessingInitializeOnLoad (7ms)
			EditorAssembliesLoaded (0ms)
		ExecutionOrderSort2 (0ms)
		AwakeInstancesAfterBackupRestoration (9ms)
Refreshing native plugins compatible for Editor in 2.95 ms, found 3 plugins.
Preloading 0 native plugins for Editor in 0.00 ms.
Unloading 3083 Unused Serialized files (Serialized files now loaded: 0)
Unloading 14 unused Assets / (28.5 KB). Loaded Objects now: 3605.
Memory consumption went from 132.3 MB to 132.2 MB.
Total: 2.876800 ms (FindLiveObjects: 0.307300 ms CreateObjectMapping: 0.088000 ms MarkObjects: 2.442200 ms  DeleteObjects: 0.038200 ms)

Prepare: number of updated asset objects reloaded= 0
AssetImportParameters requested are different than current active one (requested -> active):
  custom:scripting/monoscript/fileName/DepthOfFieldDeprecated.cs: 8700a90d2d763e9c01f08a0cd128cca8 -> 
  custom:scripting/monoscript/fileName/CameraMotionBlur.cs: 458c2b6f90eeea041921d89083a79e55 -> 
  custom:scripting/monoscript/fileName/ColorCorrectionLookupEditor.cs: a2fb9e7138550e9aa0e0de2d21737d42 -> 
  custom:scripting/monoscript/fileName/TiltShift.cs: 13ff1d7342528fc14a2e194c2bdc09fb -> 
  custom:container-demuxer-ogg: 62fdf1f143b41e24485cea50d1cbac27 -> 
  custom:scripting/monoscript/fileName/ScreenSpaceAmbientOcclusion.cs: 42eb6963a5f738a978938eb937f58d78 -> 
  custom:scripting/monoscript/fileName/DepthOfFieldEditor.cs: a3868cd4e6c6aec7c31ee3ed2b09abe8 -> 
  custom:video-codec-MediaFoundation-h265: 746d11721c4dcdbdad8f713fa42b33f4 -> 
  custom:scripting/monoscript/fileName/NoiseAndGrainEditor.cs: 0276e69b6de7374aa913d893485a004e -> 
  custom:video-decoder-ogg-theora: a1e56fd34408186e4bbccfd4996cb3dc -> 
  custom:scripting/monoscript/fileName/SunShafts.cs: abee30526487200fa16387df850e7daf -> 
  custom:scripting/monoscript/fileName/MotionBlur.cs: 7d52f2ac2c90424481a38c8ec7edb91c -> 
  custom:scripting/monoscript/fileName/Camara.cs: f92f0cf4e34305c30fc65702a2ad1384 -> 
  custom:framework-win-MediaFoundation: 216162199b28c13a410421893ffa2e32 -> 
  custom:scripting/monoscript/fileName/Grayscale.cs: 87671e23fd2948061f63e16eb704f3a3 -> 
  custom:scripting/monoscript/fileName/BlurOptimized.cs: a99dff34286593c12b0fab92e7c0da68 -> 
  custom:scripting/monoscript/fileName/CameraMotionBlurEditor.cs: 7c502cd6630e6f5609abadb3991d9ab2 -> 
  custom:scripting/monoscript/fileName/Quads.cs: 2f24050aded65dda899533ba7849a43c -> 
  custom:scripting/monoscript/fileName/Blur.cs: 16b33e375f19895ec61239c77165934f -> 
  custom:scripting/monoscript/fileName/DepthOfFieldDeprecatedEditor.cs: 9c0d6ba6950f727fa7ed1bfef973ec32 -> 
  custom:scripting/monoscript/fileName/ImageEffects.cs: fc49fae855f2f50655b411c31423a73d -> 
  custom:scripting/monoscript/fileName/PostEffectsBase.cs: 6aabc5a6e1a831a9196622d2796540be -> 
  custom:CustomObjectIndexerAttribute: 9a22284fe3817be447336de3de66b15e -> 
  custom:scripting/monoscript/fileName/ColorCorrectionLookup.cs: cdade6b297f1c116727fa6035591313f -> 
  custom:container-demuxer-webm: 4f35f7cbe854078d1ac9338744f61a02 -> 
  custom:scripting/monoscript/fileName/Triangles.cs: 64f7a3839fbac059155d5ec1d8597e9c -> 
  custom:scripting/monoscript/fileName/SunShaftsEditor.cs: 14ff19bb08f48e5592630a8ef09a85a4 -> 
  custom:scripting/monoscript/fileName/ContrastStretch.cs: 606dc0496a32ea6e71f97dc962793c28 -> 
  custom:scripting/monoscript/fileName/EdgeDetectionEditor.cs: 4cca3302e9c064dba4f706ba0e5d7102 -> 
  custom:container-muxer-webm: aa71ff27fc2769a1b78a27578f13a17b -> 
  custom:scripting/monoscript/fileName/ContrastEnhance.cs: 25207a33818c5454fd86fad73189b2cd -> 
  custom:video-decoder-webm-vp8: 9c59270c3fd7afecdb556c50c9e8de78 -> 
  custom:scripting/monoscript/fileName/PostEffectsHelper.cs: 5b0aade5ee85030099a328bfa56e17eb -> 
  custom:SearchIndexIgnoredProperties: e643bd26f0fe6173181afceb89e7c659 -> 
  custom:AudioImporter_EditorPlatform: d09bf68614088b80899f8185d706f6e7 -> 
  custom:scripting/monoscript/fileName/CreaseShading.cs: 5b17bf81bff982a9605309492401c574 -> 
  custom:scripting/monoscript/fileName/AntialiasingEditor.cs: cd1db322c4d4bac3e0fdd7740cc772c6 -> 
  custom:scripting/monoscript/fileName/Antialiasing.cs: bec6c7367bf7f3b527b25907b25d4102 -> 
  custom:scripting/monoscript/fileName/SepiaTone.cs: 67c7b044a145b042dba91a1a8d54f9f4 -> 
  custom:scripting/monoscript/fileName/ImageEffectBase.cs: 6d460e3d17a4175e44411c6923e62aed -> 
  custom:scripting/monoscript/fileName/NoiseAndGrain.cs: f4f7112c95c7474ffaf494b422803169 -> 
  custom:scripting/monoscript/fileName/BloomAndFlaresEditor.cs: 1f9e796d927ffcd86ccbfad6ec7007d5 -> 
  custom:scripting/monoscript/fileName/ScreenSpaceAmbientObscurance.cs: 958d0bf4e6842d24e3147fb5da01010e -> 
  custom:scripting/monoscript/fileName/CreaseShadingEditor.cs: 10fe90e5375fc621d9f19b702723dc86 -> 
  custom:scripting/monoscript/fileName/Fisheye.cs: ad168996bfc8fa7824e22ed9b5548fe9 -> 
  custom:scripting/monoscript/fileName/Twirl.cs: 13260c2451d9e72af8c2f232859ba959 -> 
  custom:scripting/monoscript/fileName/ScreenOverlay.cs: 8b6e368a4e3d0df848783015d0ee2b1e -> 
  custom:video-encoder-webm-vp8: eb34c28f22e8b96e1ab97ce403110664 -> 
  custom:scripting/monoscript/fileName/Bloom.cs: 33cd4fe5846ab030762c2d9a63dce329 -> 
  custom:audio-decoder-ogg-vorbis: bf7c407c2cedff20999df2af8eb42d56 -> 
  custom:scripting/monoscript/fileName/Vortex.cs: d2f7738ed789b7a977f000ffd0cf8890 -> 
  custom:scripting/monoscript/fileName/ColorCorrectionCurvesEditor.cs: ba8c98b45b2e94f575e6b8aff77cc447 -> 
  custom:scripting/monoscript/fileName/TonemappingEditor.cs: edac4117593cd8c316e847cfa4a2c184 -> 
  custom:scripting/monoscript/fileName/DepthOfField.cs: d3ca753d15782e18ed3483b3a0afd175 -> 
  custom:scripting/monoscript/fileName/BloomEditor.cs: 43b3df46b7cb2255d2c1c8dbcafea8dc -> 
  custom:scripting/monoscript/fileName/VignetteAndChromaticAberrationEditor.cs: de7480822b02f6e7bbb6e752b450d6c9 -> 
  custom:scripting/monoscript/fileName/BloomOptimized.cs: deef391a4062215fa64b13290b34b1e5 -> 
  custom:scripting/monoscript/fileName/BloomAndFlares.cs: 8afb5ea14b913734370925506b923fb7 -> 
  custom:scripting/monoscript/fileName/VignetteAndChromaticAberration.cs: 6f7816e6c6a96eb38e8b34a3171a3d7a -> 
  custom:scripting/monoscript/fileName/GlobalFog.cs: cec4a166fe83b304dd694da080c37c22 -> 
  custom:audio-encoder-webm-vorbis: bf7c407c2cedff20999df2af8eb42d56 -> 
  custom:scripting/monoscript/fileName/Tonemapping.cs: c9f290b3ad74cc49f26aca1f0af02743 -> 
  custom:scripting/monoscript/fileName/EdgeDetection.cs: 7e270773de6bd808e57f1eb909c3207a -> 
  custom:scripting/monoscript/fileName/ColorCorrectionCurves.cs: 0fe9ce599982e40ac8aba010733d7bdc -> 
  custom:scripting/precompiled-assembly-types:Assembly-CSharp: f2e365470f6f4d6e9373d4eca126b317 -> bfeb5e00976540fd6fdc60a8e5f56d52
  custom:scripting/monoscript/fileName/ColorCorrectionRamp.cs: a7e8fab02fd9ee3f41f3660b4752114a -> 
  custom:scripting/monoscript/fileName/NoiseAndScratches.cs: e0c1886d5a6b335ec4861c2068c91d03 -> 
========================================================================
Received Prepare
Caller must complete domain reload
Begin MonoManager ReloadAssembly
- Loaded All Assemblies, in  0.394 seconds
Native extension for WindowsStandalone target not found
Native extension for WebGL target not found
[Package Manager] Server::EnsureServerProcessIsRunning -- launch failed, reason: Unity was launched with the -noUpm command-line argument
[Package Manager] UpmClient::Send -- Unable to send message (not connected to UPM process).
[Package Manager] Cannot connect to Unity Package Manager local server
Mono: successfully reloaded assembly
- Finished resetting the current domain, in  0.814 seconds
Domain Reload Profiling: 1207ms
	BeginReloadAssembly (156ms)
		ExecutionOrderSort (0ms)
		DisableScriptedObjects (6ms)
		BackupInstance (0ms)
		ReleaseScriptingObjects (0ms)
		CreateAndSetChildDomain (36ms)
	RebuildCommonClasses (27ms)
	RebuildNativeTypeToScriptingClass (10ms)
	initialDomainReloadingComplete (23ms)
	LoadAllAssembliesAndSetupDomain (176ms)
		LoadAssemblies (249ms)
		RebuildTransferFunctionScriptingTraits (0ms)
		AnalyzeDomain (13ms)
			TypeCache.Refresh (6ms)
				TypeCache.ScanAssembly (0ms)
			ScanForSourceGeneratedMonoScriptInfo (0ms)
			ResolveRequiredComponents (5ms)
	FinalizeReload (815ms)
		ReleaseScriptCaches (0ms)
		RebuildScriptCaches (0ms)
		SetupLoadedEditorAssemblies (392ms)
			LogAssemblyErrors (0ms)
			InitializePlatformSupportModulesInManaged (7ms)
			SetLoadedEditorAssemblies (4ms)
			RefreshPlugins (0ms)
			BeforeProcessingInitializeOnLoad (53ms)
			ProcessInitializeOnLoadAttributes (299ms)
			ProcessInitializeOnLoadMethodAttributes (22ms)
			AfterProcessingInitializeOnLoad (7ms)
			EditorAssembliesLoaded (0ms)
		ExecutionOrderSort2 (0ms)
		AwakeInstancesAfterBackupRestoration (8ms)
Refreshing native plugins compatible for Editor in 2.32 ms, found 3 plugins.
Preloading 0 native plugins for Editor in 0.00 ms.
Unloading 3084 Unused Serialized files (Serialized files now loaded: 0)
Unloading 14 unused Assets / (28.6 KB). Loaded Objects now: 3608.
Memory consumption went from 132.5 MB to 132.5 MB.
Total: 4.339800 ms (FindLiveObjects: 0.424800 ms CreateObjectMapping: 0.501100 ms MarkObjects: 3.363500 ms  DeleteObjects: 0.049100 ms)

Prepare: number of updated asset objects reloaded= 0
AssetImportParameters requested are different than current active one (requested -> active):
  custom:scripting/monoscript/fileName/DepthOfFieldDeprecated.cs: 8700a90d2d763e9c01f08a0cd128cca8 -> 
  custom:scripting/monoscript/fileName/CameraMotionBlur.cs: 458c2b6f90eeea041921d89083a79e55 -> 
  custom:scripting/monoscript/fileName/ColorCorrectionLookupEditor.cs: a2fb9e7138550e9aa0e0de2d21737d42 -> 
  custom:scripting/monoscript/fileName/TiltShift.cs: 13ff1d7342528fc14a2e194c2bdc09fb -> 
  custom:container-demuxer-ogg: 62fdf1f143b41e24485cea50d1cbac27 -> 
  custom:scripting/monoscript/fileName/ScreenSpaceAmbientOcclusion.cs: 42eb6963a5f738a978938eb937f58d78 -> 
  custom:scripting/monoscript/fileName/DepthOfFieldEditor.cs: a3868cd4e6c6aec7c31ee3ed2b09abe8 -> 
  custom:video-codec-MediaFoundation-h265: 746d11721c4dcdbdad8f713fa42b33f4 -> 
  custom:scripting/monoscript/fileName/NoiseAndGrainEditor.cs: 0276e69b6de7374aa913d893485a004e -> 
  custom:video-decoder-ogg-theora: a1e56fd34408186e4bbccfd4996cb3dc -> 
  custom:scripting/monoscript/fileName/SunShafts.cs: abee30526487200fa16387df850e7daf -> 
  custom:scripting/monoscript/fileName/MotionBlur.cs: 7d52f2ac2c90424481a38c8ec7edb91c -> 
  custom:scripting/monoscript/fileName/Camara.cs: f92f0cf4e34305c30fc65702a2ad1384 -> 
  custom:framework-win-MediaFoundation: 216162199b28c13a410421893ffa2e32 -> 
  custom:scripting/monoscript/fileName/Grayscale.cs: 87671e23fd2948061f63e16eb704f3a3 -> 
  custom:scripting/monoscript/fileName/BlurOptimized.cs: a99dff34286593c12b0fab92e7c0da68 -> 
  custom:scripting/monoscript/fileName/CameraMotionBlurEditor.cs: 7c502cd6630e6f5609abadb3991d9ab2 -> 
  custom:scripting/monoscript/fileName/Quads.cs: 2f24050aded65dda899533ba7849a43c -> 
  custom:scripting/monoscript/fileName/Blur.cs: 16b33e375f19895ec61239c77165934f -> 
  custom:scripting/monoscript/fileName/DepthOfFieldDeprecatedEditor.cs: 9c0d6ba6950f727fa7ed1bfef973ec32 -> 
  custom:scripting/monoscript/fileName/ImageEffects.cs: fc49fae855f2f50655b411c31423a73d -> 
  custom:scripting/monoscript/fileName/PostEffectsBase.cs: 6aabc5a6e1a831a9196622d2796540be -> 
  custom:CustomObjectIndexerAttribute: 9a22284fe3817be447336de3de66b15e -> 
  custom:scripting/monoscript/fileName/ColorCorrectionLookup.cs: cdade6b297f1c116727fa6035591313f -> 
  custom:container-demuxer-webm: 4f35f7cbe854078d1ac9338744f61a02 -> 
  custom:scripting/monoscript/fileName/Triangles.cs: 64f7a3839fbac059155d5ec1d8597e9c -> 
  custom:scripting/monoscript/fileName/SunShaftsEditor.cs: 14ff19bb08f48e5592630a8ef09a85a4 -> 
  custom:scripting/monoscript/fileName/ContrastStretch.cs: 606dc0496a32ea6e71f97dc962793c28 -> 
  custom:scripting/monoscript/fileName/EdgeDetectionEditor.cs: 4cca3302e9c064dba4f706ba0e5d7102 -> 
  custom:container-muxer-webm: aa71ff27fc2769a1b78a27578f13a17b -> 
  custom:scripting/monoscript/fileName/ContrastEnhance.cs: 25207a33818c5454fd86fad73189b2cd -> 
  custom:video-decoder-webm-vp8: 9c59270c3fd7afecdb556c50c9e8de78 -> 
  custom:scripting/monoscript/fileName/PostEffectsHelper.cs: 5b0aade5ee85030099a328bfa56e17eb -> 
  custom:SearchIndexIgnoredProperties: e643bd26f0fe6173181afceb89e7c659 -> 
  custom:AudioImporter_EditorPlatform: d09bf68614088b80899f8185d706f6e7 -> 
  custom:scripting/monoscript/fileName/CreaseShading.cs: 5b17bf81bff982a9605309492401c574 -> 
  custom:scripting/monoscript/fileName/AntialiasingEditor.cs: cd1db322c4d4bac3e0fdd7740cc772c6 -> 
  custom:scripting/monoscript/fileName/Antialiasing.cs: bec6c7367bf7f3b527b25907b25d4102 -> 
  custom:scripting/monoscript/fileName/SepiaTone.cs: 67c7b044a145b042dba91a1a8d54f9f4 -> 
  custom:scripting/monoscript/fileName/ImageEffectBase.cs: 6d460e3d17a4175e44411c6923e62aed -> 
  custom:scripting/monoscript/fileName/NoiseAndGrain.cs: f4f7112c95c7474ffaf494b422803169 -> 
  custom:scripting/monoscript/fileName/BloomAndFlaresEditor.cs: 1f9e796d927ffcd86ccbfad6ec7007d5 -> 
  custom:scripting/monoscript/fileName/ScreenSpaceAmbientObscurance.cs: 958d0bf4e6842d24e3147fb5da01010e -> 
  custom:scripting/monoscript/fileName/CreaseShadingEditor.cs: 10fe90e5375fc621d9f19b702723dc86 -> 
  custom:scripting/monoscript/fileName/Fisheye.cs: ad168996bfc8fa7824e22ed9b5548fe9 -> 
  custom:scripting/monoscript/fileName/Twirl.cs: 13260c2451d9e72af8c2f232859ba959 -> 
  custom:scripting/monoscript/fileName/ScreenOverlay.cs: 8b6e368a4e3d0df848783015d0ee2b1e -> 
  custom:video-encoder-webm-vp8: eb34c28f22e8b96e1ab97ce403110664 -> 
  custom:scripting/monoscript/fileName/Bloom.cs: 33cd4fe5846ab030762c2d9a63dce329 -> 
  custom:audio-decoder-ogg-vorbis: bf7c407c2cedff20999df2af8eb42d56 -> 
  custom:scripting/monoscript/fileName/Vortex.cs: d2f7738ed789b7a977f000ffd0cf8890 -> 
  custom:scripting/monoscript/fileName/ColorCorrectionCurvesEditor.cs: ba8c98b45b2e94f575e6b8aff77cc447 -> 
  custom:scripting/monoscript/fileName/TonemappingEditor.cs: edac4117593cd8c316e847cfa4a2c184 -> 
  custom:scripting/monoscript/fileName/DepthOfField.cs: d3ca753d15782e18ed3483b3a0afd175 -> 
  custom:scripting/monoscript/fileName/BloomEditor.cs: 43b3df46b7cb2255d2c1c8dbcafea8dc -> 
  custom:scripting/monoscript/fileName/VignetteAndChromaticAberrationEditor.cs: de7480822b02f6e7bbb6e752b450d6c9 -> 
  custom:scripting/monoscript/fileName/BloomOptimized.cs: deef391a4062215fa64b13290b34b1e5 -> 
  custom:scripting/monoscript/fileName/BloomAndFlares.cs: 8afb5ea14b913734370925506b923fb7 -> 
  custom:scripting/monoscript/fileName/VignetteAndChromaticAberration.cs: 6f7816e6c6a96eb38e8b34a3171a3d7a -> 
  custom:scripting/monoscript/fileName/GlobalFog.cs: cec4a166fe83b304dd694da080c37c22 -> 
  custom:audio-encoder-webm-vorbis: bf7c407c2cedff20999df2af8eb42d56 -> 
  custom:scripting/monoscript/fileName/Tonemapping.cs: c9f290b3ad74cc49f26aca1f0af02743 -> 
  custom:scripting/monoscript/fileName/EdgeDetection.cs: 7e270773de6bd808e57f1eb909c3207a -> 
  custom:scripting/monoscript/fileName/ColorCorrectionCurves.cs: 0fe9ce599982e40ac8aba010733d7bdc -> 
  custom:scripting/precompiled-assembly-types:Assembly-CSharp: f2e365470f6f4d6e9373d4eca126b317 -> bfeb5e00976540fd6fdc60a8e5f56d52
  custom:scripting/monoscript/fileName/ColorCorrectionRamp.cs: a7e8fab02fd9ee3f41f3660b4752114a -> 
  custom:scripting/monoscript/fileName/NoiseAndScratches.cs: e0c1886d5a6b335ec4861c2068c91d03 -> 
========================================================================
Received Prepare
Caller must complete domain reload
Begin MonoManager ReloadAssembly
- Loaded All Assemblies, in  0.633 seconds
Native extension for WindowsStandalone target not found
Native extension for WebGL target not found
[Package Manager] Server::EnsureServerProcessIsRunning -- launch failed, reason: Unity was launched with the -noUpm command-line argument
[Package Manager] UpmClient::Send -- Unable to send message (not connected to UPM process).
[Package Manager] Cannot connect to Unity Package Manager local server
Mono: successfully reloaded assembly
- Finished resetting the current domain, in  1.018 seconds
Domain Reload Profiling: 1650ms
	BeginReloadAssembly (217ms)
		ExecutionOrderSort (0ms)
		DisableScriptedObjects (9ms)
		BackupInstance (0ms)
		ReleaseScriptingObjects (0ms)
		CreateAndSetChildDomain (62ms)
	RebuildCommonClasses (28ms)
	RebuildNativeTypeToScriptingClass (10ms)
	initialDomainReloadingComplete (39ms)
	LoadAllAssembliesAndSetupDomain (337ms)
		LoadAssemblies (419ms)
		RebuildTransferFunctionScriptingTraits (0ms)
		AnalyzeDomain (19ms)
			TypeCache.Refresh (10ms)
				TypeCache.ScanAssembly (0ms)
			ScanForSourceGeneratedMonoScriptInfo (0ms)
			ResolveRequiredComponents (6ms)
	FinalizeReload (1018ms)
		ReleaseScriptCaches (0ms)
		RebuildScriptCaches (0ms)
		SetupLoadedEditorAssemblies (480ms)
			LogAssemblyErrors (0ms)
			InitializePlatformSupportModulesInManaged (8ms)
			SetLoadedEditorAssemblies (4ms)
			RefreshPlugins (0ms)
			BeforeProcessingInitializeOnLoad (66ms)
			ProcessInitializeOnLoadAttributes (367ms)
			ProcessInitializeOnLoadMethodAttributes (28ms)
			AfterProcessingInitializeOnLoad (7ms)
			EditorAssembliesLoaded (0ms)
		ExecutionOrderSort2 (0ms)
		AwakeInstancesAfterBackupRestoration (7ms)
Refreshing native plugins compatible for Editor in 3.28 ms, found 3 plugins.
Preloading 0 native plugins for Editor in 0.00 ms.
Unloading 3084 Unused Serialized files (Serialized files now loaded: 0)
Unloading 14 unused Assets / (28.6 KB). Loaded Objects now: 3611.
Memory consumption went from 132.5 MB to 132.5 MB.
Total: 4.307300 ms (FindLiveObjects: 0.401700 ms CreateObjectMapping: 0.077500 ms MarkObjects: 3.737400 ms  DeleteObjects: 0.089200 ms)

Prepare: number of updated asset objects reloaded= 0
AssetImportParameters requested are different than current active one (requested -> active):
  custom:scripting/monoscript/fileName/DepthOfFieldDeprecated.cs: 8700a90d2d763e9c01f08a0cd128cca8 -> 
  custom:scripting/monoscript/fileName/CameraMotionBlur.cs: 458c2b6f90eeea041921d89083a79e55 -> 
  custom:scripting/monoscript/fileName/ColorCorrectionLookupEditor.cs: a2fb9e7138550e9aa0e0de2d21737d42 -> 
  custom:scripting/monoscript/fileName/TiltShift.cs: 13ff1d7342528fc14a2e194c2bdc09fb -> 
  custom:container-demuxer-ogg: 62fdf1f143b41e24485cea50d1cbac27 -> 
  custom:scripting/monoscript/fileName/ScreenSpaceAmbientOcclusion.cs: 42eb6963a5f738a978938eb937f58d78 -> 
  custom:scripting/monoscript/fileName/DepthOfFieldEditor.cs: a3868cd4e6c6aec7c31ee3ed2b09abe8 -> 
  custom:video-codec-MediaFoundation-h265: 746d11721c4dcdbdad8f713fa42b33f4 -> 
  custom:scripting/monoscript/fileName/NoiseAndGrainEditor.cs: 0276e69b6de7374aa913d893485a004e -> 
  custom:video-decoder-ogg-theora: a1e56fd34408186e4bbccfd4996cb3dc -> 
  custom:scripting/monoscript/fileName/SunShafts.cs: abee30526487200fa16387df850e7daf -> 
  custom:scripting/monoscript/fileName/MotionBlur.cs: 7d52f2ac2c90424481a38c8ec7edb91c -> 
  custom:scripting/monoscript/fileName/Camara.cs: f92f0cf4e34305c30fc65702a2ad1384 -> 
  custom:framework-win-MediaFoundation: 216162199b28c13a410421893ffa2e32 -> 
  custom:scripting/monoscript/fileName/Grayscale.cs: 87671e23fd2948061f63e16eb704f3a3 -> 
  custom:scripting/monoscript/fileName/BlurOptimized.cs: a99dff34286593c12b0fab92e7c0da68 -> 
  custom:scripting/monoscript/fileName/CameraMotionBlurEditor.cs: 7c502cd6630e6f5609abadb3991d9ab2 -> 
  custom:scripting/monoscript/fileName/Quads.cs: 2f24050aded65dda899533ba7849a43c -> 
  custom:scripting/monoscript/fileName/Blur.cs: 16b33e375f19895ec61239c77165934f -> 
  custom:scripting/monoscript/fileName/DepthOfFieldDeprecatedEditor.cs: 9c0d6ba6950f727fa7ed1bfef973ec32 -> 
  custom:scripting/monoscript/fileName/ImageEffects.cs: fc49fae855f2f50655b411c31423a73d -> 
  custom:scripting/monoscript/fileName/PostEffectsBase.cs: 6aabc5a6e1a831a9196622d2796540be -> 
  custom:CustomObjectIndexerAttribute: 9a22284fe3817be447336de3de66b15e -> 
  custom:scripting/monoscript/fileName/ColorCorrectionLookup.cs: cdade6b297f1c116727fa6035591313f -> 
  custom:container-demuxer-webm: 4f35f7cbe854078d1ac9338744f61a02 -> 
  custom:scripting/monoscript/fileName/Triangles.cs: 64f7a3839fbac059155d5ec1d8597e9c -> 
  custom:scripting/monoscript/fileName/SunShaftsEditor.cs: 14ff19bb08f48e5592630a8ef09a85a4 -> 
  custom:scripting/monoscript/fileName/ContrastStretch.cs: 606dc0496a32ea6e71f97dc962793c28 -> 
  custom:scripting/monoscript/fileName/EdgeDetectionEditor.cs: 4cca3302e9c064dba4f706ba0e5d7102 -> 
  custom:container-muxer-webm: aa71ff27fc2769a1b78a27578f13a17b -> 
  custom:scripting/monoscript/fileName/ContrastEnhance.cs: 25207a33818c5454fd86fad73189b2cd -> 
  custom:video-decoder-webm-vp8: 9c59270c3fd7afecdb556c50c9e8de78 -> 
  custom:scripting/monoscript/fileName/PostEffectsHelper.cs: 5b0aade5ee85030099a328bfa56e17eb -> 
  custom:SearchIndexIgnoredProperties: e643bd26f0fe6173181afceb89e7c659 -> 
  custom:AudioImporter_EditorPlatform: d09bf68614088b80899f8185d706f6e7 -> 
  custom:scripting/monoscript/fileName/CreaseShading.cs: 5b17bf81bff982a9605309492401c574 -> 
  custom:scripting/monoscript/fileName/AntialiasingEditor.cs: cd1db322c4d4bac3e0fdd7740cc772c6 -> 
  custom:scripting/monoscript/fileName/Antialiasing.cs: bec6c7367bf7f3b527b25907b25d4102 -> 
  custom:scripting/monoscript/fileName/SepiaTone.cs: 67c7b044a145b042dba91a1a8d54f9f4 -> 
  custom:scripting/monoscript/fileName/ImageEffectBase.cs: 6d460e3d17a4175e44411c6923e62aed -> 
  custom:scripting/monoscript/fileName/NoiseAndGrain.cs: f4f7112c95c7474ffaf494b422803169 -> 
  custom:scripting/monoscript/fileName/BloomAndFlaresEditor.cs: 1f9e796d927ffcd86ccbfad6ec7007d5 -> 
  custom:scripting/monoscript/fileName/ScreenSpaceAmbientObscurance.cs: 958d0bf4e6842d24e3147fb5da01010e -> 
  custom:scripting/monoscript/fileName/CreaseShadingEditor.cs: 10fe90e5375fc621d9f19b702723dc86 -> 
  custom:scripting/monoscript/fileName/Fisheye.cs: ad168996bfc8fa7824e22ed9b5548fe9 -> 
  custom:scripting/monoscript/fileName/Twirl.cs: 13260c2451d9e72af8c2f232859ba959 -> 
  custom:scripting/monoscript/fileName/ScreenOverlay.cs: 8b6e368a4e3d0df848783015d0ee2b1e -> 
  custom:video-encoder-webm-vp8: eb34c28f22e8b96e1ab97ce403110664 -> 
  custom:scripting/monoscript/fileName/Bloom.cs: 33cd4fe5846ab030762c2d9a63dce329 -> 
  custom:audio-decoder-ogg-vorbis: bf7c407c2cedff20999df2af8eb42d56 -> 
  custom:scripting/monoscript/fileName/Vortex.cs: d2f7738ed789b7a977f000ffd0cf8890 -> 
  custom:scripting/monoscript/fileName/ColorCorrectionCurvesEditor.cs: ba8c98b45b2e94f575e6b8aff77cc447 -> 
  custom:scripting/monoscript/fileName/TonemappingEditor.cs: edac4117593cd8c316e847cfa4a2c184 -> 
  custom:scripting/monoscript/fileName/DepthOfField.cs: d3ca753d15782e18ed3483b3a0afd175 -> 
  custom:scripting/monoscript/fileName/BloomEditor.cs: 43b3df46b7cb2255d2c1c8dbcafea8dc -> 
  custom:scripting/monoscript/fileName/VignetteAndChromaticAberrationEditor.cs: de7480822b02f6e7bbb6e752b450d6c9 -> 
  custom:scripting/monoscript/fileName/BloomOptimized.cs: deef391a4062215fa64b13290b34b1e5 -> 
  custom:scripting/monoscript/fileName/BloomAndFlares.cs: 8afb5ea14b913734370925506b923fb7 -> 
  custom:scripting/monoscript/fileName/VignetteAndChromaticAberration.cs: 6f7816e6c6a96eb38e8b34a3171a3d7a -> 
  custom:scripting/monoscript/fileName/GlobalFog.cs: cec4a166fe83b304dd694da080c37c22 -> 
  custom:audio-encoder-webm-vorbis: bf7c407c2cedff20999df2af8eb42d56 -> 
  custom:scripting/monoscript/fileName/Tonemapping.cs: c9f290b3ad74cc49f26aca1f0af02743 -> 
  custom:scripting/monoscript/fileName/EdgeDetection.cs: 7e270773de6bd808e57f1eb909c3207a -> 
  custom:scripting/monoscript/fileName/ColorCorrectionCurves.cs: 0fe9ce599982e40ac8aba010733d7bdc -> 
  custom:scripting/precompiled-assembly-types:Assembly-CSharp: f2e365470f6f4d6e9373d4eca126b317 -> bfeb5e00976540fd6fdc60a8e5f56d52
  custom:scripting/monoscript/fileName/ColorCorrectionRamp.cs: a7e8fab02fd9ee3f41f3660b4752114a -> 
  custom:scripting/monoscript/fileName/NoiseAndScratches.cs: e0c1886d5a6b335ec4861c2068c91d03 -> 
========================================================================
Received Import Request.
  Time since last request: 2844.760721 seconds.
  path: Assets/NatureStarterKit2/Nature/bush06_Textures/diffuse.png
  artifactKey: Guid(c40a1e1e56a4e2a48880f0c13f4af075) Importer(815301076,1909f56bfc062723c751e8b465ee728b)
Start importing Assets/NatureStarterKit2/Nature/bush06_Textures/diffuse.png using Guid(c40a1e1e56a4e2a48880f0c13f4af075) Importer(815301076,1909f56bfc062723c751e8b465ee728b) [PhysX] Initialized MultithreadedTaskDispatcher with 12 workers.
[PhysX] Initialized MultithreadedTaskDispatcher with 12 workers.
 -> (artifact id: '2d4f6f405f603e5fbbfef21d17bf8051') in 0.410779 seconds
Number of updated asset objects reloaded before import = 0
Number of asset objects unloaded after import = 2
========================================================================
Received Import Request.
  Time since last request: 7.756081 seconds.
  path: Assets/NatureStarterKit2/Nature/bush06_Textures/shadow.png
  artifactKey: Guid(d98f7f433a35e2644b3737f5b6abbe8a) Importer(815301076,1909f56bfc062723c751e8b465ee728b)
Start importing Assets/NatureStarterKit2/Nature/bush06_Textures/shadow.png using Guid(d98f7f433a35e2644b3737f5b6abbe8a) Importer(815301076,1909f56bfc062723c751e8b465ee728b) [PhysX] Initialized MultithreadedTaskDispatcher with 12 workers.
[PhysX] Initialized MultithreadedTaskDispatcher with 12 workers.
 -> (artifact id: '12accaece8a8cdcb640dfa3a9d5e5dad') in 0.024009 seconds
Number of updated asset objects reloaded before import = 0
Number of asset objects unloaded after import = 2
========================================================================
Received Import Request.
  Time since last request: 1.123803 seconds.
  path: Assets/NatureStarterKit2/Nature/bush06_Textures/translucency_gloss.png
  artifactKey: Guid(a1d7ed651121f6b438e5ac9602ede8a1) Importer(815301076,1909f56bfc062723c751e8b465ee728b)
Start importing Assets/NatureStarterKit2/Nature/bush06_Textures/translucency_gloss.png using Guid(a1d7ed651121f6b438e5ac9602ede8a1) Importer(815301076,1909f56bfc062723c751e8b465ee728b) [PhysX] Initialized MultithreadedTaskDispatcher with 12 workers.
[PhysX] Initialized MultithreadedTaskDispatcher with 12 workers.
 -> (artifact id: '7e58566428a5cd12abad0e200786f78c') in 0.030999 seconds
Number of updated asset objects reloaded before import = 0
Number of asset objects unloaded after import = 2
========================================================================
Received Prepare
Caller must complete domain reload
Begin MonoManager ReloadAssembly
- Loaded All Assemblies, in  0.799 seconds
Native extension for WindowsStandalone target not found
Native extension for WebGL target not found
[Package Manager] Server::EnsureServerProcessIsRunning -- launch failed, reason: Unity was launched with the -noUpm command-line argument
[Package Manager] UpmClient::Send -- Unable to send message (not connected to UPM process).
[Package Manager] Cannot connect to Unity Package Manager local server
Mono: successfully reloaded assembly
- Finished resetting the current domain, in  0.866 seconds
Domain Reload Profiling: 1662ms
	BeginReloadAssembly (263ms)
		ExecutionOrderSort (0ms)
		DisableScriptedObjects (10ms)
		BackupInstance (0ms)
		ReleaseScriptingObjects (0ms)
		CreateAndSetChildDomain (71ms)
	RebuildCommonClasses (45ms)
	RebuildNativeTypeToScriptingClass (11ms)
	initialDomainReloadingComplete (42ms)
	LoadAllAssembliesAndSetupDomain (433ms)
		LoadAssemblies (544ms)
		RebuildTransferFunctionScriptingTraits (0ms)
		AnalyzeDomain (22ms)
			TypeCache.Refresh (12ms)
				TypeCache.ScanAssembly (0ms)
			ScanForSourceGeneratedMonoScriptInfo (0ms)
			ResolveRequiredComponents (8ms)
	FinalizeReload (867ms)
		ReleaseScriptCaches (0ms)
		RebuildScriptCaches (0ms)
		SetupLoadedEditorAssemblies (411ms)
			LogAssemblyErrors (0ms)
			InitializePlatformSupportModulesInManaged (7ms)
			SetLoadedEditorAssemblies (4ms)
			RefreshPlugins (0ms)
			BeforeProcessingInitializeOnLoad (62ms)
			ProcessInitializeOnLoadAttributes (307ms)
			ProcessInitializeOnLoadMethodAttributes (24ms)
			AfterProcessingInitializeOnLoad (6ms)
			EditorAssembliesLoaded (0ms)
		ExecutionOrderSort2 (0ms)
		AwakeInstancesAfterBackupRestoration (6ms)
Refreshing native plugins compatible for Editor in 2.32 ms, found 3 plugins.
Preloading 0 native plugins for Editor in 0.00 ms.
Unloading 3083 Unused Serialized files (Serialized files now loaded: 0)
Unloading 14 unused Assets / (28.6 KB). Loaded Objects now: 3614.
Memory consumption went from 132.3 MB to 132.3 MB.
Total: 3.160500 ms (FindLiveObjects: 0.237800 ms CreateObjectMapping: 0.112000 ms MarkObjects: 2.753200 ms  DeleteObjects: 0.056400 ms)

Prepare: number of updated asset objects reloaded= 0
AssetImportParameters requested are different than current active one (requested -> active):
  custom:scripting/monoscript/fileName/DepthOfFieldDeprecated.cs: 8700a90d2d763e9c01f08a0cd128cca8 -> 
  custom:scripting/monoscript/fileName/CameraMotionBlur.cs: 458c2b6f90eeea041921d89083a79e55 -> 
  custom:scripting/monoscript/fileName/ColorCorrectionLookupEditor.cs: a2fb9e7138550e9aa0e0de2d21737d42 -> 
  custom:scripting/monoscript/fileName/TiltShift.cs: 13ff1d7342528fc14a2e194c2bdc09fb -> 
  custom:container-demuxer-ogg: 62fdf1f143b41e24485cea50d1cbac27 -> 
  custom:scripting/monoscript/fileName/ScreenSpaceAmbientOcclusion.cs: 42eb6963a5f738a978938eb937f58d78 -> 
  custom:scripting/monoscript/fileName/DepthOfFieldEditor.cs: a3868cd4e6c6aec7c31ee3ed2b09abe8 -> 
  custom:video-codec-MediaFoundation-h265: 746d11721c4dcdbdad8f713fa42b33f4 -> 
  custom:scripting/monoscript/fileName/NoiseAndGrainEditor.cs: 0276e69b6de7374aa913d893485a004e -> 
  custom:video-decoder-ogg-theora: a1e56fd34408186e4bbccfd4996cb3dc -> 
  custom:scripting/monoscript/fileName/SunShafts.cs: abee30526487200fa16387df850e7daf -> 
  custom:scripting/monoscript/fileName/MotionBlur.cs: 7d52f2ac2c90424481a38c8ec7edb91c -> 
  custom:scripting/monoscript/fileName/Camara.cs: f92f0cf4e34305c30fc65702a2ad1384 -> 
  custom:framework-win-MediaFoundation: 216162199b28c13a410421893ffa2e32 -> 
  custom:scripting/monoscript/fileName/Grayscale.cs: 87671e23fd2948061f63e16eb704f3a3 -> 
  custom:scripting/monoscript/fileName/BlurOptimized.cs: a99dff34286593c12b0fab92e7c0da68 -> 
  custom:scripting/monoscript/fileName/CameraMotionBlurEditor.cs: 7c502cd6630e6f5609abadb3991d9ab2 -> 
  custom:scripting/monoscript/fileName/Quads.cs: 2f24050aded65dda899533ba7849a43c -> 
  custom:scripting/monoscript/fileName/Blur.cs: 16b33e375f19895ec61239c77165934f -> 
  custom:scripting/monoscript/fileName/DepthOfFieldDeprecatedEditor.cs: 9c0d6ba6950f727fa7ed1bfef973ec32 -> 
  custom:scripting/monoscript/fileName/ImageEffects.cs: fc49fae855f2f50655b411c31423a73d -> 
  custom:scripting/monoscript/fileName/PostEffectsBase.cs: 6aabc5a6e1a831a9196622d2796540be -> 
  custom:CustomObjectIndexerAttribute: 9a22284fe3817be447336de3de66b15e -> 
  custom:scripting/monoscript/fileName/ColorCorrectionLookup.cs: cdade6b297f1c116727fa6035591313f -> 
  custom:container-demuxer-webm: 4f35f7cbe854078d1ac9338744f61a02 -> 
  custom:scripting/monoscript/fileName/Triangles.cs: 64f7a3839fbac059155d5ec1d8597e9c -> 
  custom:scripting/monoscript/fileName/SunShaftsEditor.cs: 14ff19bb08f48e5592630a8ef09a85a4 -> 
  custom:scripting/monoscript/fileName/ContrastStretch.cs: 606dc0496a32ea6e71f97dc962793c28 -> 
  custom:scripting/monoscript/fileName/EdgeDetectionEditor.cs: 4cca3302e9c064dba4f706ba0e5d7102 -> 
  custom:container-muxer-webm: aa71ff27fc2769a1b78a27578f13a17b -> 
  custom:scripting/monoscript/fileName/ContrastEnhance.cs: 25207a33818c5454fd86fad73189b2cd -> 
  custom:video-decoder-webm-vp8: 9c59270c3fd7afecdb556c50c9e8de78 -> 
  custom:scripting/monoscript/fileName/PostEffectsHelper.cs: 5b0aade5ee85030099a328bfa56e17eb -> 
  custom:SearchIndexIgnoredProperties: e643bd26f0fe6173181afceb89e7c659 -> 
  custom:AudioImporter_EditorPlatform: d09bf68614088b80899f8185d706f6e7 -> 
  custom:scripting/monoscript/fileName/CreaseShading.cs: 5b17bf81bff982a9605309492401c574 -> 
  custom:scripting/monoscript/fileName/AntialiasingEditor.cs: cd1db322c4d4bac3e0fdd7740cc772c6 -> 
  custom:scripting/monoscript/fileName/Antialiasing.cs: bec6c7367bf7f3b527b25907b25d4102 -> 
  custom:scripting/monoscript/fileName/SepiaTone.cs: 67c7b044a145b042dba91a1a8d54f9f4 -> 
  custom:scripting/monoscript/fileName/ImageEffectBase.cs: 6d460e3d17a4175e44411c6923e62aed -> 
  custom:scripting/monoscript/fileName/NoiseAndGrain.cs: f4f7112c95c7474ffaf494b422803169 -> 
  custom:scripting/monoscript/fileName/BloomAndFlaresEditor.cs: 1f9e796d927ffcd86ccbfad6ec7007d5 -> 
  custom:scripting/monoscript/fileName/ScreenSpaceAmbientObscurance.cs: 958d0bf4e6842d24e3147fb5da01010e -> 
  custom:scripting/monoscript/fileName/CreaseShadingEditor.cs: 10fe90e5375fc621d9f19b702723dc86 -> 
  custom:scripting/monoscript/fileName/Fisheye.cs: ad168996bfc8fa7824e22ed9b5548fe9 -> 
  custom:scripting/monoscript/fileName/Twirl.cs: 13260c2451d9e72af8c2f232859ba959 -> 
  custom:scripting/monoscript/fileName/ScreenOverlay.cs: 8b6e368a4e3d0df848783015d0ee2b1e -> 
  custom:video-encoder-webm-vp8: eb34c28f22e8b96e1ab97ce403110664 -> 
  custom:scripting/monoscript/fileName/Bloom.cs: 33cd4fe5846ab030762c2d9a63dce329 -> 
  custom:audio-decoder-ogg-vorbis: bf7c407c2cedff20999df2af8eb42d56 -> 
  custom:scripting/monoscript/fileName/Vortex.cs: d2f7738ed789b7a977f000ffd0cf8890 -> 
  custom:scripting/monoscript/fileName/ColorCorrectionCurvesEditor.cs: ba8c98b45b2e94f575e6b8aff77cc447 -> 
  custom:scripting/monoscript/fileName/TonemappingEditor.cs: edac4117593cd8c316e847cfa4a2c184 -> 
  custom:scripting/monoscript/fileName/DepthOfField.cs: d3ca753d15782e18ed3483b3a0afd175 -> 
  custom:scripting/monoscript/fileName/BloomEditor.cs: 43b3df46b7cb2255d2c1c8dbcafea8dc -> 
  custom:scripting/monoscript/fileName/VignetteAndChromaticAberrationEditor.cs: de7480822b02f6e7bbb6e752b450d6c9 -> 
  custom:scripting/monoscript/fileName/BloomOptimized.cs: deef391a4062215fa64b13290b34b1e5 -> 
  custom:scripting/monoscript/fileName/BloomAndFlares.cs: 8afb5ea14b913734370925506b923fb7 -> 
  custom:scripting/monoscript/fileName/VignetteAndChromaticAberration.cs: 6f7816e6c6a96eb38e8b34a3171a3d7a -> 
  custom:scripting/monoscript/fileName/GlobalFog.cs: cec4a166fe83b304dd694da080c37c22 -> 
  custom:audio-encoder-webm-vorbis: bf7c407c2cedff20999df2af8eb42d56 -> 
  custom:scripting/monoscript/fileName/Tonemapping.cs: c9f290b3ad74cc49f26aca1f0af02743 -> 
  custom:scripting/monoscript/fileName/EdgeDetection.cs: 7e270773de6bd808e57f1eb909c3207a -> 
  custom:scripting/monoscript/fileName/ColorCorrectionCurves.cs: 0fe9ce599982e40ac8aba010733d7bdc -> 
  custom:scripting/precompiled-assembly-types:Assembly-CSharp: f2e365470f6f4d6e9373d4eca126b317 -> bfeb5e00976540fd6fdc60a8e5f56d52
  custom:scripting/monoscript/fileName/ColorCorrectionRamp.cs: a7e8fab02fd9ee3f41f3660b4752114a -> 
  custom:scripting/monoscript/fileName/NoiseAndScratches.cs: e0c1886d5a6b335ec4861c2068c91d03 -> 
Editor requested this worker to shutdown with reason: Scaling down because of idle timeout
TcpMessagingSession - receive error: operation aborted. errorcode: 995, details: La operacin de E/S se anul por una salida de subproceso o por una solicitud de aplicacin.
AssetImportWorker is now disconnected from the server
Process exiting
Exiting without the bug reporter. Application will terminate with return code 0